0 verbose cli /usr/local/bin/node /usr/local/lib/node_modules/npm/bin/npm-cli.js
1 info using npm@11.9.0
2 info using node@v24.14.0
3 silly config load:file:/usr/local/lib/node_modules/npm/npmrc
4 silly config load:file:/Users/liyang129/data/liaogang/.npmrc
5 silly config load:file:/Users/liyang129/.npmrc
6 silly config load:file:/Users/liyang129/.npm-global/etc/npmrc
7 verbose title npm exec @modelcontextprotocol/server-sequential-thinking@latest --help
8 verbose argv "exec" "--yes" "--" "@modelcontextprotocol/server-sequential-thinking@latest" "--help"
9 verbose logfile logs-max:10 dir:/Users/liyang129/data/liaogang/.spec-first/cache/npm/_logs/2026-07-13T09_13_20_991Z-
10 verbose logfile /Users/liyang129/data/liaogang/.spec-first/cache/npm/_logs/2026-07-13T09_13_20_991Z-debug-0.log
11 silly logfile done cleaning log files
12 silly packumentCache heap:4496293888 maxSize:1124073472 maxEntrySize:562036736
13 http fetch GET 200 https://registry.npmmirror.com/@modelcontextprotocol%2fserver-sequential-thinking 253ms (cache miss)
14 silly packumentCache heap:4496293888 maxSize:1124073472 maxEntrySize:562036736
15 http fetch GET 200 https://registry.npmmirror.com/npm 473ms
16 silly packumentCache heap:4496293888 maxSize:1124073472 maxEntrySize:562036736
17 silly idealTree buildDeps
18 silly fetch manifest @modelcontextprotocol/server-sequential-thinking@2026.7.4
19 silly packumentCache full:https://registry.npmmirror.com/@modelcontextprotocol%2fserver-sequential-thinking cache-miss
20 http fetch GET 200 https://registry.npmmirror.com/@modelcontextprotocol%2fserver-sequential-thinking 93ms (cache miss)
21 silly packumentCache full:https://registry.npmmirror.com/@modelcontextprotocol%2fserver-sequential-thinking set size:7359 disposed:false
22 silly placeDep ROOT @modelcontextprotocol/server-sequential-thinking@2026.7.4 OK for:  want: 2026.7.4
23 silly fetch manifest @modelcontextprotocol/sdk@^1.29.0
24 silly packumentCache full:https://registry.npmmirror.com/@modelcontextprotocol%2fsdk cache-miss
25 silly fetch manifest chalk@^5.3.0
26 silly packumentCache full:https://registry.npmmirror.com/chalk cache-miss
27 silly fetch manifest yargs@^17.7.2
28 silly packumentCache full:https://registry.npmmirror.com/yargs cache-miss
29 http fetch GET 200 https://registry.npmmirror.com/@modelcontextprotocol%2fsdk 60ms (cache miss)
30 silly packumentCache full:https://registry.npmmirror.com/@modelcontextprotocol%2fsdk set size:42548 disposed:false
31 http fetch GET 200 https://registry.npmmirror.com/chalk 92ms (cache miss)
32 silly packumentCache full:https://registry.npmmirror.com/chalk set size:24910 disposed:false
33 http fetch GET 200 https://registry.npmmirror.com/yargs 344ms (cache miss)
34 silly packumentCache full:https://registry.npmmirror.com/yargs set size:96931 disposed:false
35 silly fetch manifest @cfworker/json-schema@^4.1.1
36 silly packumentCache full:https://registry.npmmirror.com/@cfworker%2fjson-schema cache-miss
37 http fetch GET 200 https://registry.npmmirror.com/@cfworker%2fjson-schema 58ms (cache miss)
38 silly packumentCache full:https://registry.npmmirror.com/@cfworker%2fjson-schema set size:39379 disposed:false
39 silly placeDep ROOT @modelcontextprotocol/sdk@1.29.0 OK for: @modelcontextprotocol/server-sequential-thinking@2026.7.4 want: ^1.29.0
40 silly placeDep ROOT chalk@5.6.2 OK for: @modelcontextprotocol/server-sequential-thinking@2026.7.4 want: ^5.3.0
41 silly placeDep ROOT yargs@17.7.3 OK for: @modelcontextprotocol/server-sequential-thinking@2026.7.4 want: ^17.7.2
42 silly fetch manifest @hono/node-server@^1.19.9
43 silly packumentCache full:https://registry.npmmirror.com/@hono%2fnode-server cache-miss
44 silly fetch manifest ajv@^8.17.1
45 silly packumentCache full:https://registry.npmmirror.com/ajv cache-miss
46 silly fetch manifest ajv-formats@^3.0.1
47 silly packumentCache full:https://registry.npmmirror.com/ajv-formats cache-miss
48 silly fetch manifest content-type@^1.0.5
49 silly packumentCache full:https://registry.npmmirror.com/content-type cache-miss
50 silly fetch manifest cors@^2.8.5
51 silly packumentCache full:https://registry.npmmirror.com/cors cache-miss
52 silly fetch manifest cross-spawn@^7.0.5
53 silly packumentCache full:https://registry.npmmirror.com/cross-spawn cache-miss
54 silly fetch manifest eventsource@^3.0.2
55 silly packumentCache full:https://registry.npmmirror.com/eventsource cache-miss
56 silly fetch manifest eventsource-parser@^3.0.0
57 silly packumentCache full:https://registry.npmmirror.com/eventsource-parser cache-miss
58 silly fetch manifest express@^5.2.1
59 silly packumentCache full:https://registry.npmmirror.com/express cache-miss
60 http fetch GET 200 https://registry.npmmirror.com/ajv-formats 59ms (cache miss)
61 silly packumentCache full:https://registry.npmmirror.com/ajv-formats set size:15007 disposed:false
62 silly fetch manifest express-rate-limit@^8.2.1
63 silly packumentCache full:https://registry.npmmirror.com/express-rate-limit cache-miss
64 http fetch GET 200 https://registry.npmmirror.com/@hono%2fnode-server 89ms (cache miss)
65 silly packumentCache full:https://registry.npmmirror.com/@hono%2fnode-server set size:47031 disposed:false
66 silly fetch manifest hono@^4.11.4
67 silly packumentCache full:https://registry.npmmirror.com/hono cache-miss
68 http fetch GET 200 https://registry.npmmirror.com/ajv 97ms (cache miss)
69 silly packumentCache full:https://registry.npmmirror.com/ajv set size:129790 disposed:false
70 silly fetch manifest jose@^6.1.3
71 silly packumentCache full:https://registry.npmmirror.com/jose cache-miss
72 http fetch GET 200 https://registry.npmmirror.com/express-rate-limit 59ms (cache miss)
73 silly packumentCache full:https://registry.npmmirror.com/express-rate-limit set size:63180 disposed:false
74 silly fetch manifest json-schema-typed@^8.0.2
75 silly packumentCache full:https://registry.npmmirror.com/json-schema-typed cache-miss
76 http fetch GET 200 https://registry.npmmirror.com/jose 68ms (cache miss)
77 silly packumentCache full:https://registry.npmmirror.com/jose set size:184825 disposed:false
78 silly fetch manifest pkce-challenge@^5.0.0
79 silly packumentCache full:https://registry.npmmirror.com/pkce-challenge cache-miss
80 http fetch GET 200 https://registry.npmmirror.com/json-schema-typed 59ms (cache miss)
81 silly packumentCache full:https://registry.npmmirror.com/json-schema-typed set size:7123 disposed:false
82 silly fetch manifest raw-body@^3.0.0
83 silly packumentCache full:https://registry.npmmirror.com/raw-body cache-miss
84 http fetch GET 200 https://registry.npmmirror.com/content-type 218ms (cache miss)
85 silly packumentCache full:https://registry.npmmirror.com/content-type set size:5837 disposed:false
86 silly fetch manifest zod@^3.25 || ^4.0
87 silly packumentCache full:https://registry.npmmirror.com/zod cache-miss
88 http fetch GET 200 https://registry.npmmirror.com/pkce-challenge 56ms (cache miss)
89 silly packumentCache full:https://registry.npmmirror.com/pkce-challenge set size:8563 disposed:false
90 silly fetch manifest zod-to-json-schema@^3.25.1
91 silly packumentCache full:https://registry.npmmirror.com/zod-to-json-schema cache-miss
92 http fetch GET 200 https://registry.npmmirror.com/raw-body 59ms (cache miss)
93 silly packumentCache full:https://registry.npmmirror.com/raw-body set size:24662 disposed:false
94 silly fetch manifest cliui@^8.0.1
95 silly packumentCache full:https://registry.npmmirror.com/cliui cache-miss
96 http fetch GET 200 https://registry.npmmirror.com/cors 257ms (cache miss)
97 silly packumentCache full:https://registry.npmmirror.com/cors set size:14486 disposed:false
98 silly fetch manifest escalade@^3.1.1
99 silly packumentCache full:https://registry.npmmirror.com/escalade cache-miss
100 http fetch GET 200 https://registry.npmmirror.com/eventsource 276ms (cache miss)
101 silly packumentCache full:https://registry.npmmirror.com/eventsource set size:24082 disposed:false
102 silly fetch manifest get-caller-file@^2.0.5
103 silly packumentCache full:https://registry.npmmirror.com/get-caller-file cache-miss
104 http fetch GET 200 https://registry.npmmirror.com/hono 195ms (cache miss)
105 silly packumentCache full:https://registry.npmmirror.com/hono set size:731162 disposed:false
106 silly fetch manifest require-directory@^2.1.1
107 silly packumentCache full:https://registry.npmmirror.com/require-directory cache-miss
108 http fetch GET 200 https://registry.npmmirror.com/cross-spawn 325ms (cache miss)
109 silly packumentCache full:https://registry.npmmirror.com/cross-spawn set size:19398 disposed:false
110 silly fetch manifest string-width@^4.2.3
111 silly packumentCache full:https://registry.npmmirror.com/string-width cache-miss
112 http fetch GET 200 https://registry.npmmirror.com/escalade 70ms (cache miss)
113 silly packumentCache full:https://registry.npmmirror.com/escalade set size:6820 disposed:false
114 silly fetch manifest y18n@^5.0.5
115 silly packumentCache full:https://registry.npmmirror.com/y18n cache-miss
116 http fetch GET 200 https://registry.npmmirror.com/eventsource-parser 330ms (cache miss)
117 silly packumentCache full:https://registry.npmmirror.com/eventsource-parser set size:18704 disposed:false
118 silly fetch manifest yargs-parser@^21.1.1
119 silly packumentCache full:https://registry.npmmirror.com/yargs-parser cache-miss
120 http fetch GET 200 https://registry.npmmirror.com/cliui 97ms (cache miss)
121 silly packumentCache full:https://registry.npmmirror.com/cliui set size:13583 disposed:false
122 http fetch GET 200 https://registry.npmmirror.com/zod-to-json-schema 111ms (cache miss)
123 silly packumentCache full:https://registry.npmmirror.com/zod-to-json-schema set size:69383 disposed:false
124 http fetch GET 200 https://registry.npmmirror.com/get-caller-file 69ms (cache miss)
125 silly packumentCache full:https://registry.npmmirror.com/get-caller-file set size:3962 disposed:false
126 http fetch GET 200 https://registry.npmmirror.com/require-directory 49ms (cache miss)
127 silly packumentCache full:https://registry.npmmirror.com/require-directory set size:5300 disposed:false
128 http fetch GET 200 https://registry.npmmirror.com/express 372ms (cache miss)
129 silly packumentCache full:https://registry.npmmirror.com/express set size:94320 disposed:false
130 http fetch GET 200 https://registry.npmmirror.com/string-width 59ms (cache miss)
131 silly packumentCache full:https://registry.npmmirror.com/string-width set size:13877 disposed:false
132 http fetch GET 200 https://registry.npmmirror.com/y18n 60ms (cache miss)
133 silly packumentCache full:https://registry.npmmirror.com/y18n set size:9331 disposed:false
134 http fetch GET 200 https://registry.npmmirror.com/yargs-parser 102ms (cache miss)
135 silly packumentCache full:https://registry.npmmirror.com/yargs-parser set size:34839 disposed:false
136 http fetch GET 200 https://registry.npmmirror.com/zod 242ms (cache miss)
137 silly packumentCache full:https://registry.npmmirror.com/zod set size:431552 disposed:false
138 silly placeDep ROOT @hono/node-server@1.19.14 OK for: @modelcontextprotocol/sdk@1.29.0 want: ^1.19.9
139 silly placeDep ROOT hono@4.12.30 OK for: @hono/node-server@1.19.14 want: ^4
140 silly placeDep ROOT ajv@8.20.0 OK for: @modelcontextprotocol/sdk@1.29.0 want: ^8.17.1
141 silly placeDep ROOT ajv-formats@3.0.1 OK for: @modelcontextprotocol/sdk@1.29.0 want: ^3.0.1
142 silly placeDep ROOT content-type@1.0.5 OK for: @modelcontextprotocol/sdk@1.29.0 want: ^1.0.5
143 silly placeDep ROOT cors@2.8.6 OK for: @modelcontextprotocol/sdk@1.29.0 want: ^2.8.5
144 silly placeDep ROOT cross-spawn@7.0.6 OK for: @modelcontextprotocol/sdk@1.29.0 want: ^7.0.5
145 silly placeDep ROOT eventsource@3.0.7 OK for: @modelcontextprotocol/sdk@1.29.0 want: ^3.0.2
146 silly placeDep ROOT eventsource-parser@3.1.0 OK for: @modelcontextprotocol/sdk@1.29.0 want: ^3.0.0
147 silly placeDep ROOT express@5.2.1 OK for: @modelcontextprotocol/sdk@1.29.0 want: ^5.2.1
148 silly placeDep ROOT express-rate-limit@8.5.2 OK for: @modelcontextprotocol/sdk@1.29.0 want: ^8.2.1
149 silly placeDep ROOT jose@6.2.3 OK for: @modelcontextprotocol/sdk@1.29.0 want: ^6.1.3
150 silly placeDep ROOT json-schema-typed@8.0.2 OK for: @modelcontextprotocol/sdk@1.29.0 want: ^8.0.2
151 silly placeDep ROOT pkce-challenge@5.0.1 OK for: @modelcontextprotocol/sdk@1.29.0 want: ^5.0.0
152 silly placeDep ROOT raw-body@3.0.2 OK for: @modelcontextprotocol/sdk@1.29.0 want: ^3.0.0
153 silly placeDep ROOT zod@4.4.3 OK for: @modelcontextprotocol/sdk@1.29.0 want: ^3.25 || ^4.0
154 silly placeDep ROOT zod-to-json-schema@3.25.2 OK for: @modelcontextprotocol/sdk@1.29.0 want: ^3.25.1
155 silly fetch manifest fast-deep-equal@^3.1.3
156 silly packumentCache full:https://registry.npmmirror.com/fast-deep-equal cache-miss
157 silly fetch manifest fast-uri@^3.0.1
158 silly packumentCache full:https://registry.npmmirror.com/fast-uri cache-miss
159 silly fetch manifest json-schema-traverse@^1.0.0
160 silly packumentCache full:https://registry.npmmirror.com/json-schema-traverse cache-miss
161 silly fetch manifest require-from-string@^2.0.2
162 silly packumentCache full:https://registry.npmmirror.com/require-from-string cache-miss
163 silly fetch manifest object-assign@^4
164 silly packumentCache full:https://registry.npmmirror.com/object-assign cache-miss
165 silly fetch manifest vary@^1
166 silly packumentCache full:https://registry.npmmirror.com/vary cache-miss
167 silly fetch manifest path-key@^3.1.0
168 silly packumentCache full:https://registry.npmmirror.com/path-key cache-miss
169 silly fetch manifest shebang-command@^2.0.0
170 silly packumentCache full:https://registry.npmmirror.com/shebang-command cache-miss
171 silly fetch manifest which@^2.0.1
172 silly packumentCache full:https://registry.npmmirror.com/which cache-miss
173 http fetch GET 200 https://registry.npmmirror.com/require-from-string 46ms (cache miss)
174 silly packumentCache full:https://registry.npmmirror.com/require-from-string set size:3441 disposed:false
175 silly fetch manifest eventsource-parser@^3.0.1
176 silly packumentCache full:https://registry.npmmirror.com/eventsource-parser cache-hit
177 silly fetch manifest accepts@^2.0.0
178 silly packumentCache full:https://registry.npmmirror.com/accepts cache-miss
179 http fetch GET 200 https://registry.npmmirror.com/which 46ms (cache miss)
180 silly packumentCache full:https://registry.npmmirror.com/which set size:14745 disposed:false
181 silly fetch manifest body-parser@^2.2.1
182 silly packumentCache full:https://registry.npmmirror.com/body-parser cache-miss
183 http fetch GET 200 https://registry.npmmirror.com/vary 48ms (cache miss)
184 silly packumentCache full:https://registry.npmmirror.com/vary set size:4180 disposed:false
185 silly fetch manifest content-disposition@^1.0.0
186 silly packumentCache full:https://registry.npmmirror.com/content-disposition cache-miss
187 http fetch GET 200 https://registry.npmmirror.com/json-schema-traverse 50ms (cache miss)
188 silly packumentCache full:https://registry.npmmirror.com/json-schema-traverse set size:4662 disposed:false
189 silly fetch manifest cookie@^0.7.1
190 silly packumentCache full:https://registry.npmmirror.com/cookie cache-miss
191 http fetch GET 200 https://registry.npmmirror.com/object-assign 51ms (cache miss)
192 silly packumentCache full:https://registry.npmmirror.com/object-assign set size:5509 disposed:false
193 silly fetch manifest cookie-signature@^1.2.1
194 silly packumentCache full:https://registry.npmmirror.com/cookie-signature cache-miss
195 http fetch GET 200 https://registry.npmmirror.com/shebang-command 53ms (cache miss)
196 silly packumentCache full:https://registry.npmmirror.com/shebang-command set size:2106 disposed:false
197 silly fetch manifest debug@^4.4.0
198 silly packumentCache full:https://registry.npmmirror.com/debug cache-miss
199 http fetch GET 200 https://registry.npmmirror.com/path-key 54ms (cache miss)
200 silly packumentCache full:https://registry.npmmirror.com/path-key set size:3439 disposed:false
201 silly fetch manifest depd@^2.0.0
202 silly packumentCache full:https://registry.npmmirror.com/depd cache-miss
203 http fetch GET 200 https://registry.npmmirror.com/fast-deep-equal 54ms (cache miss)
204 silly packumentCache full:https://registry.npmmirror.com/fast-deep-equal set size:6487 disposed:false
205 silly fetch manifest encodeurl@^2.0.0
206 silly packumentCache full:https://registry.npmmirror.com/encodeurl cache-miss
207 http fetch GET 200 https://registry.npmmirror.com/fast-uri 61ms (cache miss)
208 silly packumentCache full:https://registry.npmmirror.com/fast-uri set size:18839 disposed:false
209 silly fetch manifest escape-html@^1.0.3
210 silly packumentCache full:https://registry.npmmirror.com/escape-html cache-miss
211 http fetch GET 200 https://registry.npmmirror.com/accepts 45ms (cache miss)
212 silly packumentCache full:https://registry.npmmirror.com/accepts set size:14345 disposed:false
213 silly fetch manifest etag@^1.8.1
214 silly packumentCache full:https://registry.npmmirror.com/etag cache-miss
215 http fetch GET 200 https://registry.npmmirror.com/body-parser 47ms (cache miss)
216 silly packumentCache full:https://registry.npmmirror.com/body-parser set size:38477 disposed:false
217 silly fetch manifest finalhandler@^2.1.0
218 silly packumentCache full:https://registry.npmmirror.com/finalhandler cache-miss
219 http fetch GET 200 https://registry.npmmirror.com/content-disposition 47ms (cache miss)
220 silly packumentCache full:https://registry.npmmirror.com/content-disposition set size:10563 disposed:false
221 silly fetch manifest fresh@^2.0.0
222 silly packumentCache full:https://registry.npmmirror.com/fresh cache-miss
223 http fetch GET 200 https://registry.npmmirror.com/cookie-signature 50ms (cache miss)
224 silly packumentCache full:https://registry.npmmirror.com/cookie-signature set size:6334 disposed:false
225 silly fetch manifest http-errors@^2.0.0
226 silly packumentCache full:https://registry.npmmirror.com/http-errors cache-miss
227 http fetch GET 200 https://registry.npmmirror.com/encodeurl 53ms (cache miss)
228 silly packumentCache full:https://registry.npmmirror.com/encodeurl set size:3849 disposed:false
229 silly fetch manifest merge-descriptors@^2.0.0
230 silly packumentCache full:https://registry.npmmirror.com/merge-descriptors cache-miss
231 http fetch GET 200 https://registry.npmmirror.com/depd 54ms (cache miss)
232 silly packumentCache full:https://registry.npmmirror.com/depd set size:8763 disposed:false
233 silly fetch manifest mime-types@^3.0.0
234 silly packumentCache full:https://registry.npmmirror.com/mime-types cache-miss
235 http fetch GET 200 https://registry.npmmirror.com/cookie 59ms (cache miss)
236 silly packumentCache full:https://registry.npmmirror.com/cookie set size:18751 disposed:false
237 silly fetch manifest on-finished@^2.4.1
238 silly packumentCache full:https://registry.npmmirror.com/on-finished cache-miss
239 http fetch GET 200 https://registry.npmmirror.com/escape-html 49ms (cache miss)
240 silly packumentCache full:https://registry.npmmirror.com/escape-html set size:2142 disposed:false
241 silly fetch manifest once@^1.4.0
242 silly packumentCache full:https://registry.npmmirror.com/once cache-miss
243 http fetch GET 200 https://registry.npmmirror.com/debug 83ms (cache miss)
244 silly packumentCache full:https://registry.npmmirror.com/debug set size:32036 disposed:false
245 silly fetch manifest parseurl@^1.3.3
246 silly packumentCache full:https://registry.npmmirror.com/parseurl cache-miss
247 http fetch GET 200 https://registry.npmmirror.com/etag 47ms (cache miss)
248 silly packumentCache full:https://registry.npmmirror.com/etag set size:6177 disposed:false
249 silly fetch manifest proxy-addr@^2.0.7
250 silly packumentCache full:https://registry.npmmirror.com/proxy-addr cache-miss
251 http fetch GET 200 https://registry.npmmirror.com/finalhandler 46ms (cache miss)
252 silly packumentCache full:https://registry.npmmirror.com/finalhandler set size:15171 disposed:false
253 silly fetch manifest qs@^6.14.0
254 silly packumentCache full:https://registry.npmmirror.com/qs cache-miss
255 http fetch GET 200 https://registry.npmmirror.com/fresh 48ms (cache miss)
256 silly packumentCache full:https://registry.npmmirror.com/fresh set size:7129 disposed:false
257 silly fetch manifest range-parser@^1.2.1
258 silly packumentCache full:https://registry.npmmirror.com/range-parser cache-miss
259 http fetch GET 200 https://registry.npmmirror.com/http-errors 50ms (cache miss)
260 silly packumentCache full:https://registry.npmmirror.com/http-errors set size:13920 disposed:false
261 silly fetch manifest router@^2.2.0
262 silly packumentCache full:https://registry.npmmirror.com/router cache-miss
263 http fetch GET 200 https://registry.npmmirror.com/merge-descriptors 47ms (cache miss)
264 silly packumentCache full:https://registry.npmmirror.com/merge-descriptors set size:3995 disposed:false
265 silly fetch manifest send@^1.1.0
266 silly packumentCache full:https://registry.npmmirror.com/send cache-miss
267 http fetch GET 200 https://registry.npmmirror.com/once 50ms (cache miss)
268 silly packumentCache full:https://registry.npmmirror.com/once set size:3210 disposed:false
269 silly fetch manifest serve-static@^2.2.0
270 silly packumentCache full:https://registry.npmmirror.com/serve-static cache-miss
271 http fetch GET 200 https://registry.npmmirror.com/on-finished 56ms (cache miss)
272 silly packumentCache full:https://registry.npmmirror.com/on-finished set size:6578 disposed:false
273 silly fetch manifest statuses@^2.0.1
274 silly packumentCache full:https://registry.npmmirror.com/statuses cache-miss
275 http fetch GET 200 https://registry.npmmirror.com/mime-types 60ms (cache miss)
276 silly packumentCache full:https://registry.npmmirror.com/mime-types set size:21367 disposed:false
277 silly fetch manifest type-is@^2.0.1
278 silly packumentCache full:https://registry.npmmirror.com/type-is cache-miss
279 http fetch GET 200 https://registry.npmmirror.com/proxy-addr 46ms (cache miss)
280 silly packumentCache full:https://registry.npmmirror.com/proxy-addr set size:10552 disposed:false
281 silly fetch manifest vary@^1.1.2
282 silly packumentCache full:https://registry.npmmirror.com/vary cache-hit
283 silly fetch manifest ip-address@^10.2.0
284 silly packumentCache full:https://registry.npmmirror.com/ip-address cache-miss
285 http fetch GET 200 https://registry.npmmirror.com/parseurl 53ms (cache miss)
286 silly packumentCache full:https://registry.npmmirror.com/parseurl set size:5295 disposed:false
287 silly fetch manifest bytes@~3.1.2
288 silly packumentCache full:https://registry.npmmirror.com/bytes cache-miss
289 http fetch GET 200 https://registry.npmmirror.com/range-parser 48ms (cache miss)
290 silly packumentCache full:https://registry.npmmirror.com/range-parser set size:5927 disposed:false
291 silly fetch manifest http-errors@~2.0.1
292 silly packumentCache full:https://registry.npmmirror.com/http-errors cache-hit
293 silly fetch manifest iconv-lite@~0.7.0
294 silly packumentCache full:https://registry.npmmirror.com/iconv-lite cache-miss
295 http fetch GET 200 https://registry.npmmirror.com/qs 52ms (cache miss)
296 silly packumentCache full:https://registry.npmmirror.com/qs set size:69471 disposed:false
297 silly fetch manifest unpipe@~1.0.0
298 silly packumentCache full:https://registry.npmmirror.com/unpipe cache-miss
299 http fetch GET 200 https://registry.npmmirror.com/router 56ms (cache miss)
300 silly packumentCache full:https://registry.npmmirror.com/router set size:27125 disposed:false
301 http fetch GET 200 https://registry.npmmirror.com/statuses 58ms (cache miss)
302 silly packumentCache full:https://registry.npmmirror.com/statuses set size:7676 disposed:false
303 http fetch GET 200 https://registry.npmmirror.com/serve-static 63ms (cache miss)
304 silly packumentCache full:https://registry.npmmirror.com/serve-static set size:26022 disposed:false
305 http fetch GET 200 https://registry.npmmirror.com/send 70ms (cache miss)
306 silly packumentCache full:https://registry.npmmirror.com/send set size:28306 disposed:false
307 http fetch GET 200 https://registry.npmmirror.com/type-is 56ms (cache miss)
308 silly packumentCache full:https://registry.npmmirror.com/type-is set size:15368 disposed:false
309 http fetch GET 200 https://registry.npmmirror.com/ip-address 45ms (cache miss)
310 silly packumentCache full:https://registry.npmmirror.com/ip-address set size:28651 disposed:false
311 http fetch GET 200 https://registry.npmmirror.com/bytes 46ms (cache miss)
312 silly packumentCache full:https://registry.npmmirror.com/bytes set size:9014 disposed:false
313 http fetch GET 200 https://registry.npmmirror.com/unpipe 45ms (cache miss)
314 silly packumentCache full:https://registry.npmmirror.com/unpipe set size:1514 disposed:false
315 http fetch GET 200 https://registry.npmmirror.com/iconv-lite 55ms (cache miss)
316 silly packumentCache full:https://registry.npmmirror.com/iconv-lite set size:20771 disposed:false
317 silly placeDep ROOT fast-deep-equal@3.1.3 OK for: ajv@8.20.0 want: ^3.1.3
318 silly placeDep ROOT fast-uri@3.1.3 OK for: ajv@8.20.0 want: ^3.0.1
319 silly placeDep ROOT json-schema-traverse@1.0.0 OK for: ajv@8.20.0 want: ^1.0.0
320 silly placeDep ROOT require-from-string@2.0.2 OK for: ajv@8.20.0 want: ^2.0.2
321 silly placeDep ROOT object-assign@4.1.1 OK for: cors@2.8.6 want: ^4
322 silly placeDep ROOT vary@1.1.2 OK for: cors@2.8.6 want: ^1
323 silly placeDep ROOT path-key@3.1.1 OK for: cross-spawn@7.0.6 want: ^3.1.0
324 silly placeDep ROOT shebang-command@2.0.0 OK for: cross-spawn@7.0.6 want: ^2.0.0
325 silly placeDep ROOT which@2.0.2 OK for: cross-spawn@7.0.6 want: ^2.0.1
326 silly fetch manifest shebang-regex@^3.0.0
327 silly packumentCache full:https://registry.npmmirror.com/shebang-regex cache-miss
328 silly fetch manifest isexe@^2.0.0
329 silly packumentCache full:https://registry.npmmirror.com/isexe cache-miss
330 http fetch GET 200 https://registry.npmmirror.com/shebang-regex 51ms (cache miss)
331 silly packumentCache full:https://registry.npmmirror.com/shebang-regex set size:2417 disposed:false
332 http fetch GET 200 https://registry.npmmirror.com/isexe 52ms (cache miss)
333 silly packumentCache full:https://registry.npmmirror.com/isexe set size:7230 disposed:false
334 silly placeDep ROOT accepts@2.0.0 OK for: express@5.2.1 want: ^2.0.0
335 silly placeDep ROOT body-parser@2.3.0 OK for: express@5.2.1 want: ^2.2.1
336 silly placeDep ROOT content-disposition@1.1.0 OK for: express@5.2.1 want: ^1.0.0
337 silly placeDep ROOT cookie@0.7.2 OK for: express@5.2.1 want: ^0.7.1
338 silly placeDep ROOT cookie-signature@1.2.2 OK for: express@5.2.1 want: ^1.2.1
339 silly placeDep ROOT debug@4.4.3 OK for: express@5.2.1 want: ^4.4.0
340 silly placeDep ROOT depd@2.0.0 OK for: express@5.2.1 want: ^2.0.0
341 silly placeDep ROOT encodeurl@2.0.0 OK for: express@5.2.1 want: ^2.0.0
342 silly placeDep ROOT escape-html@1.0.3 OK for: express@5.2.1 want: ^1.0.3
343 silly placeDep ROOT etag@1.8.1 OK for: express@5.2.1 want: ^1.8.1
344 silly placeDep ROOT finalhandler@2.1.1 OK for: express@5.2.1 want: ^2.1.0
345 silly placeDep ROOT fresh@2.0.0 OK for: express@5.2.1 want: ^2.0.0
346 silly placeDep ROOT http-errors@2.0.1 OK for: express@5.2.1 want: ^2.0.0
347 silly placeDep ROOT merge-descriptors@2.0.0 OK for: express@5.2.1 want: ^2.0.0
348 silly placeDep ROOT mime-types@3.0.2 OK for: express@5.2.1 want: ^3.0.0
349 silly placeDep ROOT on-finished@2.4.1 OK for: express@5.2.1 want: ^2.4.1
350 silly placeDep ROOT once@1.4.0 OK for: express@5.2.1 want: ^1.4.0
351 silly placeDep ROOT parseurl@1.3.3 OK for: express@5.2.1 want: ^1.3.3
352 silly placeDep ROOT proxy-addr@2.0.7 OK for: express@5.2.1 want: ^2.0.7
353 silly placeDep ROOT qs@6.15.3 OK for: express@5.2.1 want: ^6.14.0
354 silly placeDep ROOT range-parser@1.3.0 OK for: express@5.2.1 want: ^1.2.1
355 silly placeDep ROOT router@2.2.0 OK for: express@5.2.1 want: ^2.2.0
356 silly placeDep ROOT send@1.2.1 OK for: express@5.2.1 want: ^1.1.0
357 silly placeDep ROOT serve-static@2.2.1 OK for: express@5.2.1 want: ^2.2.0
358 silly placeDep ROOT statuses@2.0.2 OK for: express@5.2.1 want: ^2.0.1
359 silly placeDep ROOT type-is@2.1.0 OK for: express@5.2.1 want: ^2.0.1
360 silly fetch manifest negotiator@^1.0.0
361 silly packumentCache full:https://registry.npmmirror.com/negotiator cache-miss
362 silly fetch manifest bytes@^3.1.2
363 silly packumentCache full:https://registry.npmmirror.com/bytes cache-hit
364 silly fetch manifest content-type@^2.0.0
365 silly packumentCache full:https://registry.npmmirror.com/content-type cache-hit
366 silly fetch manifest debug@^4.4.3
367 silly packumentCache full:https://registry.npmmirror.com/debug cache-hit
368 silly fetch manifest http-errors@^2.0.1
369 silly packumentCache full:https://registry.npmmirror.com/http-errors cache-hit
370 silly fetch manifest iconv-lite@^0.7.2
371 silly packumentCache full:https://registry.npmmirror.com/iconv-lite cache-hit
372 silly fetch manifest qs@^6.15.2
373 silly packumentCache full:https://registry.npmmirror.com/qs cache-hit
374 silly fetch manifest type-is@^2.1.0
375 silly packumentCache full:https://registry.npmmirror.com/type-is cache-hit
376 silly fetch manifest ms@^2.1.3
377 silly packumentCache full:https://registry.npmmirror.com/ms cache-miss
378 silly fetch manifest inherits@~2.0.4
379 silly packumentCache full:https://registry.npmmirror.com/inherits cache-miss
380 silly fetch manifest setprototypeof@~1.2.0
381 silly packumentCache full:https://registry.npmmirror.com/setprototypeof cache-miss
382 silly fetch manifest statuses@~2.0.2
383 silly packumentCache full:https://registry.npmmirror.com/statuses cache-hit
384 silly fetch manifest toidentifier@~1.0.1
385 silly packumentCache full:https://registry.npmmirror.com/toidentifier cache-miss
386 silly fetch manifest mime-db@^1.54.0
387 silly packumentCache full:https://registry.npmmirror.com/mime-db cache-miss
388 silly fetch manifest ee-first@1.1.1
389 silly packumentCache full:https://registry.npmmirror.com/ee-first cache-miss
390 silly fetch manifest wrappy@1
391 silly packumentCache full:https://registry.npmmirror.com/wrappy cache-miss
392 silly fetch manifest forwarded@0.2.0
393 silly packumentCache full:https://registry.npmmirror.com/forwarded cache-miss
394 http fetch GET 200 https://registry.npmmirror.com/setprototypeof 52ms (cache miss)
395 silly packumentCache full:https://registry.npmmirror.com/setprototypeof set size:3278 disposed:false
396 silly fetch manifest ipaddr.js@1.9.1
397 silly packumentCache full:https://registry.npmmirror.com/ipaddr.js cache-miss
398 http fetch GET 200 https://registry.npmmirror.com/wrappy 56ms (cache miss)
399 silly packumentCache full:https://registry.npmmirror.com/wrappy set size:2201 disposed:false
400 silly fetch manifest side-channel@^1.1.1
401 silly packumentCache full:https://registry.npmmirror.com/side-channel cache-miss
402 http fetch GET 200 https://registry.npmmirror.com/toidentifier 58ms (cache miss)
403 silly packumentCache full:https://registry.npmmirror.com/toidentifier set size:3571 disposed:false
404 silly fetch manifest es-define-property@^1.0.1
405 silly packumentCache full:https://registry.npmmirror.com/es-define-property cache-miss
406 http fetch GET 200 https://registry.npmmirror.com/forwarded 58ms (cache miss)
407 silly packumentCache full:https://registry.npmmirror.com/forwarded set size:2947 disposed:false
408 silly fetch manifest is-promise@^4.0.0
409 silly packumentCache full:https://registry.npmmirror.com/is-promise cache-miss
410 http fetch GET 200 https://registry.npmmirror.com/mime-db 58ms (cache miss)
411 silly packumentCache full:https://registry.npmmirror.com/mime-db set size:24206 disposed:false
412 silly fetch manifest path-to-regexp@^8.0.0
413 silly packumentCache full:https://registry.npmmirror.com/path-to-regexp cache-miss
414 http fetch GET 200 https://registry.npmmirror.com/inherits 61ms (cache miss)
415 silly packumentCache full:https://registry.npmmirror.com/inherits set size:3419 disposed:false
416 silly fetch manifest ms@^2.1.3
417 silly packumentCache full:https://registry.npmmirror.com/ms cache-miss
418 http fetch GET 200 https://registry.npmmirror.com/ee-first 60ms (cache miss)
419 silly packumentCache full:https://registry.npmmirror.com/ee-first set size:3574 disposed:false
420 silly fetch manifest statuses@^2.0.2
421 silly packumentCache full:https://registry.npmmirror.com/statuses cache-hit
422 silly fetch manifest media-typer@^1.1.0
423 silly packumentCache full:https://registry.npmmirror.com/media-typer cache-miss
424 http fetch GET 200 https://registry.npmmirror.com/negotiator 63ms (cache miss)
425 silly packumentCache full:https://registry.npmmirror.com/negotiator set size:10810 disposed:false
426 http fetch GET 200 https://registry.npmmirror.com/ms 63ms (cache miss)
427 silly packumentCache full:https://registry.npmmirror.com/ms set size:15985 disposed:false
428 http fetch GET 200 https://registry.npmmirror.com/es-define-property 77ms (cache miss)
429 silly packumentCache full:https://registry.npmmirror.com/es-define-property set size:2896 disposed:false
430 http fetch GET 200 https://registry.npmmirror.com/ipaddr.js 84ms (cache miss)
431 silly packumentCache full:https://registry.npmmirror.com/ipaddr.js set size:14783 disposed:false
432 http fetch GET 200 https://registry.npmmirror.com/side-channel 80ms (cache miss)
433 silly packumentCache full:https://registry.npmmirror.com/side-channel set size:5472 disposed:false
434 http fetch GET 200 https://registry.npmmirror.com/media-typer 77ms (cache miss)
435 silly packumentCache full:https://registry.npmmirror.com/media-typer set size:5050 disposed:false
436 http fetch GET 200 https://registry.npmmirror.com/is-promise 79ms (cache miss)
437 silly packumentCache full:https://registry.npmmirror.com/is-promise set size:3391 disposed:false
438 http fetch GET 200 https://registry.npmmirror.com/ms 78ms (cache miss)
439 silly packumentCache full:https://registry.npmmirror.com/ms set size:15985 disposed:false
440 silly packumentCache full:https://registry.npmmirror.com/ms dispose
441 http fetch GET 200 https://registry.npmmirror.com/path-to-regexp 81ms (cache miss)
442 silly packumentCache full:https://registry.npmmirror.com/path-to-regexp set size:29678 disposed:false
443 silly placeDep ROOT negotiator@1.0.0 OK for: accepts@2.0.0 want: ^1.0.0
444 silly placeDep ROOT bytes@3.1.2 OK for: body-parser@2.3.0 want: ^3.1.2
445 silly placeDep node_modules/body-parser content-type@2.0.0 OK for: body-parser@2.3.0 want: ^2.0.0
446 silly placeDep ROOT iconv-lite@0.7.3 OK for: body-parser@2.3.0 want: ^0.7.2
447 silly fetch manifest safer-buffer@>= 2.1.2 < 3.0.0
448 silly packumentCache full:https://registry.npmmirror.com/safer-buffer cache-miss
449 http fetch GET 200 https://registry.npmmirror.com/safer-buffer 52ms (cache miss)
450 silly packumentCache full:https://registry.npmmirror.com/safer-buffer set size:6036 disposed:false
451 silly placeDep ROOT ms@2.1.3 OK for: debug@4.4.3 want: ^2.1.3
452 silly placeDep ROOT ip-address@10.2.0 OK for: express-rate-limit@8.5.2 want: ^10.2.0
453 silly placeDep ROOT inherits@2.0.4 OK for: http-errors@2.0.1 want: ~2.0.4
454 silly placeDep ROOT setprototypeof@1.2.0 OK for: http-errors@2.0.1 want: ~1.2.0
455 silly placeDep ROOT toidentifier@1.0.1 OK for: http-errors@2.0.1 want: ~1.0.1
456 silly placeDep ROOT safer-buffer@2.1.2 OK for: iconv-lite@0.7.3 want: >= 2.1.2 < 3.0.0
457 silly placeDep ROOT mime-db@1.54.0 OK for: mime-types@3.0.2 want: ^1.54.0
458 silly placeDep ROOT ee-first@1.1.1 OK for: on-finished@2.4.1 want: 1.1.1
459 silly placeDep ROOT wrappy@1.0.2 OK for: once@1.4.0 want: 1
460 silly placeDep ROOT forwarded@0.2.0 OK for: proxy-addr@2.0.7 want: 0.2.0
461 silly placeDep ROOT ipaddr.js@1.9.1 OK for: proxy-addr@2.0.7 want: 1.9.1
462 silly placeDep ROOT es-define-property@1.0.1 OK for: qs@6.15.3 want: ^1.0.1
463 silly placeDep ROOT side-channel@1.1.1 OK for: qs@6.15.3 want: ^1.1.1
464 silly fetch manifest es-errors@^1.3.0
465 silly packumentCache full:https://registry.npmmirror.com/es-errors cache-miss
466 silly fetch manifest object-inspect@^1.13.4
467 silly packumentCache full:https://registry.npmmirror.com/object-inspect cache-miss
468 silly fetch manifest side-channel-list@^1.0.1
469 silly packumentCache full:https://registry.npmmirror.com/side-channel-list cache-miss
470 silly fetch manifest side-channel-map@^1.0.1
471 silly packumentCache full:https://registry.npmmirror.com/side-channel-map cache-miss
472 silly fetch manifest side-channel-weakmap@^1.0.2
473 silly packumentCache full:https://registry.npmmirror.com/side-channel-weakmap cache-miss
474 http fetch GET 200 https://registry.npmmirror.com/side-channel-list 47ms (cache miss)
475 silly packumentCache full:https://registry.npmmirror.com/side-channel-list set size:3117 disposed:false
476 http fetch GET 200 https://registry.npmmirror.com/object-inspect 47ms (cache miss)
477 silly packumentCache full:https://registry.npmmirror.com/object-inspect set size:19266 disposed:false
478 http fetch GET 200 https://registry.npmmirror.com/es-errors 63ms (cache miss)
479 silly packumentCache full:https://registry.npmmirror.com/es-errors set size:4030 disposed:false
480 http fetch GET 200 https://registry.npmmirror.com/side-channel-map 64ms (cache miss)
481 silly packumentCache full:https://registry.npmmirror.com/side-channel-map set size:3039 disposed:false
482 http fetch GET 200 https://registry.npmmirror.com/side-channel-weakmap 64ms (cache miss)
483 silly packumentCache full:https://registry.npmmirror.com/side-channel-weakmap set size:3754 disposed:false
484 silly placeDep ROOT unpipe@1.0.0 OK for: raw-body@3.0.2 want: ~1.0.0
485 silly placeDep ROOT is-promise@4.0.0 OK for: router@2.2.0 want: ^4.0.0
486 silly placeDep ROOT path-to-regexp@8.4.2 OK for: router@2.2.0 want: ^8.0.0
487 silly placeDep ROOT shebang-regex@3.0.0 OK for: shebang-command@2.0.0 want: ^3.0.0
488 silly placeDep ROOT es-errors@1.3.0 OK for: side-channel@1.1.1 want: ^1.3.0
489 silly placeDep ROOT object-inspect@1.13.4 OK for: side-channel@1.1.1 want: ^1.13.4
490 silly placeDep ROOT side-channel-list@1.0.1 OK for: side-channel@1.1.1 want: ^1.0.1
491 silly placeDep ROOT side-channel-map@1.0.1 OK for: side-channel@1.1.1 want: ^1.0.1
492 silly placeDep ROOT side-channel-weakmap@1.0.2 OK for: side-channel@1.1.1 want: ^1.0.2
493 silly fetch manifest call-bound@^1.0.2
494 silly packumentCache full:https://registry.npmmirror.com/call-bound cache-miss
495 silly fetch manifest get-intrinsic@^1.2.5
496 silly packumentCache full:https://registry.npmmirror.com/get-intrinsic cache-miss
497 silly fetch manifest call-bound@^1.0.2
498 silly packumentCache full:https://registry.npmmirror.com/call-bound cache-miss
499 silly fetch manifest get-intrinsic@^1.2.5
500 silly packumentCache full:https://registry.npmmirror.com/get-intrinsic cache-miss
501 http fetch GET 200 https://registry.npmmirror.com/call-bound 49ms (cache miss)
502 silly packumentCache full:https://registry.npmmirror.com/call-bound set size:3859 disposed:false
503 http fetch GET 200 https://registry.npmmirror.com/call-bound 51ms (cache miss)
504 silly packumentCache full:https://registry.npmmirror.com/call-bound set size:3859 disposed:false
505 silly packumentCache full:https://registry.npmmirror.com/call-bound dispose
506 http fetch GET 200 https://registry.npmmirror.com/get-intrinsic 53ms (cache miss)
507 silly packumentCache full:https://registry.npmmirror.com/get-intrinsic set size:11575 disposed:false
508 http fetch GET 200 https://registry.npmmirror.com/get-intrinsic 54ms (cache miss)
509 silly packumentCache full:https://registry.npmmirror.com/get-intrinsic set size:11575 disposed:false
510 silly packumentCache full:https://registry.npmmirror.com/get-intrinsic dispose
511 silly placeDep ROOT call-bound@1.0.4 OK for: side-channel-map@1.0.1 want: ^1.0.2
512 silly placeDep ROOT get-intrinsic@1.3.0 OK for: side-channel-map@1.0.1 want: ^1.2.5
513 silly fetch manifest call-bind-apply-helpers@^1.0.2
514 silly packumentCache full:https://registry.npmmirror.com/call-bind-apply-helpers cache-miss
515 silly fetch manifest get-intrinsic@^1.3.0
516 silly packumentCache full:https://registry.npmmirror.com/get-intrinsic cache-hit
517 silly fetch manifest call-bind-apply-helpers@^1.0.2
518 silly packumentCache full:https://registry.npmmirror.com/call-bind-apply-helpers cache-miss
519 silly fetch manifest es-object-atoms@^1.1.1
520 silly packumentCache full:https://registry.npmmirror.com/es-object-atoms cache-miss
521 silly fetch manifest function-bind@^1.1.2
522 silly packumentCache full:https://registry.npmmirror.com/function-bind cache-miss
523 silly fetch manifest get-proto@^1.0.1
524 silly packumentCache full:https://registry.npmmirror.com/get-proto cache-miss
525 silly fetch manifest gopd@^1.2.0
526 silly packumentCache full:https://registry.npmmirror.com/gopd cache-miss
527 silly fetch manifest has-symbols@^1.1.0
528 silly packumentCache full:https://registry.npmmirror.com/has-symbols cache-miss
529 silly fetch manifest hasown@^2.0.2
530 silly packumentCache full:https://registry.npmmirror.com/hasown cache-miss
531 silly fetch manifest math-intrinsics@^1.1.0
532 silly packumentCache full:https://registry.npmmirror.com/math-intrinsics cache-miss
533 http fetch GET 200 https://registry.npmmirror.com/call-bind-apply-helpers 47ms (cache miss)
534 silly packumentCache full:https://registry.npmmirror.com/call-bind-apply-helpers set size:3532 disposed:false
535 http fetch GET 200 https://registry.npmmirror.com/call-bind-apply-helpers 57ms (cache miss)
536 silly packumentCache full:https://registry.npmmirror.com/call-bind-apply-helpers set size:3532 disposed:false
537 silly packumentCache full:https://registry.npmmirror.com/call-bind-apply-helpers dispose
538 http fetch GET 200 https://registry.npmmirror.com/get-proto 57ms (cache miss)
539 silly packumentCache full:https://registry.npmmirror.com/get-proto set size:2799 disposed:false
540 http fetch GET 200 https://registry.npmmirror.com/has-symbols 57ms (cache miss)
541 silly packumentCache full:https://registry.npmmirror.com/has-symbols set size:5325 disposed:false
542 http fetch GET 200 https://registry.npmmirror.com/es-object-atoms 58ms (cache miss)
543 silly packumentCache full:https://registry.npmmirror.com/es-object-atoms set size:4324 disposed:false
544 http fetch GET 200 https://registry.npmmirror.com/math-intrinsics 58ms (cache miss)
545 silly packumentCache full:https://registry.npmmirror.com/math-intrinsics set size:3012 disposed:false
546 http fetch GET 200 https://registry.npmmirror.com/gopd 58ms (cache miss)
547 silly packumentCache full:https://registry.npmmirror.com/gopd set size:3962 disposed:false
548 http fetch GET 200 https://registry.npmmirror.com/hasown 58ms (cache miss)
549 silly packumentCache full:https://registry.npmmirror.com/hasown set size:4802 disposed:false
550 http fetch GET 200 https://registry.npmmirror.com/function-bind 59ms (cache miss)
551 silly packumentCache full:https://registry.npmmirror.com/function-bind set size:4376 disposed:false
552 silly placeDep ROOT call-bind-apply-helpers@1.0.2 OK for: call-bound@1.0.4 want: ^1.0.2
553 silly placeDep ROOT function-bind@1.1.2 OK for: call-bind-apply-helpers@1.0.2 want: ^1.1.2
554 silly placeDep ROOT es-object-atoms@1.1.2 OK for: get-intrinsic@1.3.0 want: ^1.1.1
555 silly placeDep ROOT get-proto@1.0.1 OK for: get-intrinsic@1.3.0 want: ^1.0.1
556 silly placeDep ROOT gopd@1.2.0 OK for: get-intrinsic@1.3.0 want: ^1.2.0
557 silly placeDep ROOT has-symbols@1.1.0 OK for: get-intrinsic@1.3.0 want: ^1.1.0
558 silly placeDep ROOT hasown@2.0.4 OK for: get-intrinsic@1.3.0 want: ^2.0.2
559 silly placeDep ROOT math-intrinsics@1.1.0 OK for: get-intrinsic@1.3.0 want: ^1.1.0
560 silly fetch manifest dunder-proto@^1.0.1
561 silly packumentCache full:https://registry.npmmirror.com/dunder-proto cache-miss
562 http fetch GET 200 https://registry.npmmirror.com/dunder-proto 46ms (cache miss)
563 silly packumentCache full:https://registry.npmmirror.com/dunder-proto set size:2798 disposed:false
564 silly placeDep ROOT dunder-proto@1.0.1 OK for: get-proto@1.0.1 want: ^1.0.1
565 silly placeDep node_modules/type-is content-type@2.0.0 OK for: type-is@2.1.0 want: ^2.0.0
566 silly placeDep ROOT media-typer@1.1.0 OK for: type-is@2.1.0 want: ^1.1.0
567 silly placeDep ROOT isexe@2.0.0 OK for: which@2.0.2 want: ^2.0.0
568 silly placeDep ROOT cliui@8.0.1 OK for: yargs@17.7.3 want: ^8.0.1
569 silly placeDep ROOT escalade@3.2.0 OK for: yargs@17.7.3 want: ^3.1.1
570 silly placeDep ROOT get-caller-file@2.0.5 OK for: yargs@17.7.3 want: ^2.0.5
571 silly placeDep ROOT require-directory@2.1.1 OK for: yargs@17.7.3 want: ^2.1.1
572 silly placeDep ROOT string-width@4.2.3 OK for: yargs@17.7.3 want: ^4.2.3
573 silly placeDep ROOT y18n@5.0.8 OK for: yargs@17.7.3 want: ^5.0.5
574 silly placeDep ROOT yargs-parser@21.1.1 OK for: yargs@17.7.3 want: ^21.1.1
575 silly fetch manifest string-width@^4.2.0
576 silly packumentCache full:https://registry.npmmirror.com/string-width cache-hit
577 silly fetch manifest strip-ansi@^6.0.1
578 silly packumentCache full:https://registry.npmmirror.com/strip-ansi cache-miss
579 silly fetch manifest wrap-ansi@^7.0.0
580 silly packumentCache full:https://registry.npmmirror.com/wrap-ansi cache-miss
581 silly fetch manifest emoji-regex@^8.0.0
582 silly packumentCache full:https://registry.npmmirror.com/emoji-regex cache-miss
583 silly fetch manifest is-fullwidth-code-point@^3.0.0
584 silly packumentCache full:https://registry.npmmirror.com/is-fullwidth-code-point cache-miss
585 silly fetch manifest strip-ansi@^6.0.1
586 silly packumentCache full:https://registry.npmmirror.com/strip-ansi cache-miss
587 http fetch GET 200 https://registry.npmmirror.com/strip-ansi 46ms (cache miss)
588 silly packumentCache full:https://registry.npmmirror.com/strip-ansi set size:8259 disposed:false
589 http fetch GET 200 https://registry.npmmirror.com/is-fullwidth-code-point 47ms (cache miss)
590 silly packumentCache full:https://registry.npmmirror.com/is-fullwidth-code-point set size:3385 disposed:false
591 http fetch GET 200 https://registry.npmmirror.com/wrap-ansi 54ms (cache miss)
592 silly packumentCache full:https://registry.npmmirror.com/wrap-ansi set size:10443 disposed:false
593 http fetch GET 200 https://registry.npmmirror.com/emoji-regex 55ms (cache miss)
594 silly packumentCache full:https://registry.npmmirror.com/emoji-regex set size:17651 disposed:false
595 http fetch GET 200 https://registry.npmmirror.com/strip-ansi 55ms (cache miss)
596 silly packumentCache full:https://registry.npmmirror.com/strip-ansi set size:8259 disposed:false
597 silly packumentCache full:https://registry.npmmirror.com/strip-ansi dispose
598 silly placeDep ROOT strip-ansi@6.0.1 OK for: cliui@8.0.1 want: ^6.0.1
599 silly placeDep ROOT wrap-ansi@7.0.0 OK for: cliui@8.0.1 want: ^7.0.0
600 silly fetch manifest ansi-regex@^5.0.1
601 silly packumentCache full:https://registry.npmmirror.com/ansi-regex cache-miss
602 silly fetch manifest ansi-styles@^4.0.0
603 silly packumentCache full:https://registry.npmmirror.com/ansi-styles cache-miss
604 http fetch GET 200 https://registry.npmmirror.com/ansi-styles 55ms (cache miss)
605 silly packumentCache full:https://registry.npmmirror.com/ansi-styles set size:13769 disposed:false
606 http fetch GET 200 https://registry.npmmirror.com/ansi-regex 59ms (cache miss)
607 silly packumentCache full:https://registry.npmmirror.com/ansi-regex set size:9857 disposed:false
608 silly placeDep ROOT emoji-regex@8.0.0 OK for: string-width@4.2.3 want: ^8.0.0
609 silly placeDep ROOT is-fullwidth-code-point@3.0.0 OK for: string-width@4.2.3 want: ^3.0.0
610 silly placeDep ROOT ansi-regex@5.0.1 OK for: strip-ansi@6.0.1 want: ^5.0.1
611 silly placeDep ROOT ansi-styles@4.3.0 OK for: wrap-ansi@7.0.0 want: ^4.0.0
612 silly fetch manifest color-convert@^2.0.1
613 silly packumentCache full:https://registry.npmmirror.com/color-convert cache-miss
614 http fetch GET 200 https://registry.npmmirror.com/color-convert 59ms (cache miss)
615 silly packumentCache full:https://registry.npmmirror.com/color-convert set size:13807 disposed:false
616 silly placeDep ROOT color-convert@2.0.1 OK for: ansi-styles@4.3.0 want: ^2.0.1
617 silly fetch manifest color-name@~1.1.4
618 silly packumentCache full:https://registry.npmmirror.com/color-name cache-miss
619 http fetch GET 200 https://registry.npmmirror.com/color-name 55ms (cache miss)
620 silly packumentCache full:https://registry.npmmirror.com/color-name set size:5269 disposed:false
621 silly placeDep ROOT color-name@1.1.4 OK for: color-convert@2.0.1 want: ~1.1.4
622 silly reify moves {}
623 silly audit bulk request {
623 silly audit   '@modelcontextprotocol/server-sequential-thinking': [ '2026.7.4' ],
623 silly audit   '@modelcontextprotocol/sdk': [ '1.29.0' ],
623 silly audit   chalk: [ '5.6.2' ],
623 silly audit   yargs: [ '17.7.3' ],
623 silly audit   '@hono/node-server': [ '1.19.14' ],
623 silly audit   hono: [ '4.12.30' ],
623 silly audit   ajv: [ '8.20.0' ],
623 silly audit   'ajv-formats': [ '3.0.1' ],
623 silly audit   'content-type': [ '1.0.5', '2.0.0' ],
623 silly audit   cors: [ '2.8.6' ],
623 silly audit   'cross-spawn': [ '7.0.6' ],
623 silly audit   eventsource: [ '3.0.7' ],
623 silly audit   'eventsource-parser': [ '3.1.0' ],
623 silly audit   express: [ '5.2.1' ],
623 silly audit   'express-rate-limit': [ '8.5.2' ],
623 silly audit   jose: [ '6.2.3' ],
623 silly audit   'json-schema-typed': [ '8.0.2' ],
623 silly audit   'pkce-challenge': [ '5.0.1' ],
623 silly audit   'raw-body': [ '3.0.2' ],
623 silly audit   zod: [ '4.4.3' ],
623 silly audit   'zod-to-json-schema': [ '3.25.2' ],
623 silly audit   'fast-deep-equal': [ '3.1.3' ],
623 silly audit   'fast-uri': [ '3.1.3' ],
623 silly audit   'json-schema-traverse': [ '1.0.0' ],
623 silly audit   'require-from-string': [ '2.0.2' ],
623 silly audit   'object-assign': [ '4.1.1' ],
623 silly audit   vary: [ '1.1.2' ],
623 silly audit   'path-key': [ '3.1.1' ],
623 silly audit   'shebang-command': [ '2.0.0' ],
623 silly audit   which: [ '2.0.2' ],
623 silly audit   accepts: [ '2.0.0' ],
623 silly audit   'body-parser': [ '2.3.0' ],
623 silly audit   'content-disposition': [ '1.1.0' ],
623 silly audit   cookie: [ '0.7.2' ],
623 silly audit   'cookie-signature': [ '1.2.2' ],
623 silly audit   debug: [ '4.4.3' ],
623 silly audit   depd: [ '2.0.0' ],
623 silly audit   encodeurl: [ '2.0.0' ],
623 silly audit   'escape-html': [ '1.0.3' ],
623 silly audit   etag: [ '1.8.1' ],
623 silly audit   finalhandler: [ '2.1.1' ],
623 silly audit   fresh: [ '2.0.0' ],
623 silly audit   'http-errors': [ '2.0.1' ],
623 silly audit   'merge-descriptors': [ '2.0.0' ],
623 silly audit   'mime-types': [ '3.0.2' ],
623 silly audit   'on-finished': [ '2.4.1' ],
623 silly audit   once: [ '1.4.0' ],
623 silly audit   parseurl: [ '1.3.3' ],
623 silly audit   'proxy-addr': [ '2.0.7' ],
623 silly audit   qs: [ '6.15.3' ],
623 silly audit   'range-parser': [ '1.3.0' ],
623 silly audit   router: [ '2.2.0' ],
623 silly audit   send: [ '1.2.1' ],
623 silly audit   'serve-static': [ '2.2.1' ],
623 silly audit   statuses: [ '2.0.2' ],
623 silly audit   'type-is': [ '2.1.0' ],
623 silly audit   negotiator: [ '1.0.0' ],
623 silly audit   bytes: [ '3.1.2' ],
623 silly audit   'iconv-lite': [ '0.7.3' ],
623 silly audit   ms: [ '2.1.3' ],
623 silly audit   'ip-address': [ '10.2.0' ],
623 silly audit   inherits: [ '2.0.4' ],
623 silly audit   setprototypeof: [ '1.2.0' ],
623 silly audit   toidentifier: [ '1.0.1' ],
623 silly audit   'safer-buffer': [ '2.1.2' ],
623 silly audit   'mime-db': [ '1.54.0' ],
623 silly audit   'ee-first': [ '1.1.1' ],
623 silly audit   wrappy: [ '1.0.2' ],
623 silly audit   forwarded: [ '0.2.0' ],
623 silly audit   'ipaddr.js': [ '1.9.1' ],
623 silly audit   'es-define-property': [ '1.0.1' ],
623 silly audit   'side-channel': [ '1.1.1' ],
623 silly audit   unpipe: [ '1.0.0' ],
623 silly audit   'is-promise': [ '4.0.0' ],
623 silly audit   'path-to-regexp': [ '8.4.2' ],
623 silly audit   'shebang-regex': [ '3.0.0' ],
623 silly audit   'es-errors': [ '1.3.0' ],
623 silly audit   'object-inspect': [ '1.13.4' ],
623 silly audit   'side-channel-list': [ '1.0.1' ],
623 silly audit   'side-channel-map': [ '1.0.1' ],
623 silly audit   'side-channel-weakmap': [ '1.0.2' ],
623 silly audit   'call-bound': [ '1.0.4' ],
623 silly audit   'get-intrinsic': [ '1.3.0' ],
623 silly audit   'call-bind-apply-helpers': [ '1.0.2' ],
623 silly audit   'function-bind': [ '1.1.2' ],
623 silly audit   'es-object-atoms': [ '1.1.2' ],
623 silly audit   'get-proto': [ '1.0.1' ],
623 silly audit   gopd: [ '1.2.0' ],
623 silly audit   'has-symbols': [ '1.1.0' ],
623 silly audit   hasown: [ '2.0.4' ],
623 silly audit   'math-intrinsics': [ '1.1.0' ],
623 silly audit   'dunder-proto': [ '1.0.1' ],
623 silly audit   'media-typer': [ '1.1.0' ],
623 silly audit   isexe: [ '2.0.0' ],
623 silly audit   cliui: [ '8.0.1' ],
623 silly audit   escalade: [ '3.2.0' ],
623 silly audit   'get-caller-file': [ '2.0.5' ],
623 silly audit   'require-directory': [ '2.1.1' ],
623 silly audit   'string-width': [ '4.2.3' ],
623 silly audit   y18n: [ '5.0.8' ],
623 silly audit   'yargs-parser': [ '21.1.1' ],
623 silly audit   'strip-ansi': [ '6.0.1' ],
623 silly audit   'wrap-ansi': [ '7.0.0' ],
623 silly audit   'emoji-regex': [ '8.0.0' ],
623 silly audit   'is-fullwidth-code-point': [ '3.0.0' ],
623 silly audit   'ansi-regex': [ '5.0.1' ],
623 silly audit   'ansi-styles': [ '4.3.0' ],
623 silly audit   'color-convert': [ '2.0.1' ],
623 silly audit   'color-name': [ '1.1.4' ]
623 silly audit }
624 http cache color-convert@https://registry.npmmirror.com/color-convert/-/color-convert-2.0.1.tgz 0ms (cache hit)
625 http cache ansi-regex@https://registry.npmmirror.com/ansi-regex/-/ansi-regex-5.0.1.tgz 0ms (cache hit)
626 http cache is-fullwidth-code-point@https://registry.npmmirror.com/is-fullwidth-code-point/-/is-fullwidth-code-point-3.0.0.tgz 0ms (cache hit)
627 http cache color-name@https://registry.npmmirror.com/color-name/-/color-name-1.1.4.tgz 0ms (cache hit)
628 http cache wrap-ansi@https://registry.npmmirror.com/wrap-ansi/-/wrap-ansi-7.0.0.tgz 0ms (cache hit)
629 http cache ansi-styles@https://registry.npmmirror.com/ansi-styles/-/ansi-styles-4.3.0.tgz 0ms (cache hit)
630 http cache yargs-parser@https://registry.npmmirror.com/yargs-parser/-/yargs-parser-21.1.1.tgz 0ms (cache hit)
631 http cache y18n@https://registry.npmmirror.com/y18n/-/y18n-5.0.8.tgz 0ms (cache hit)
632 http cache require-directory@https://registry.npmmirror.com/require-directory/-/require-directory-2.1.1.tgz 0ms (cache hit)
633 http cache string-width@https://registry.npmmirror.com/string-width/-/string-width-4.2.3.tgz 0ms (cache hit)
634 http cache get-caller-file@https://registry.npmmirror.com/get-caller-file/-/get-caller-file-2.0.5.tgz 0ms (cache hit)
635 http cache cliui@https://registry.npmmirror.com/cliui/-/cliui-8.0.1.tgz 0ms (cache hit)
636 http cache escalade@https://registry.npmmirror.com/escalade/-/escalade-3.2.0.tgz 0ms (cache hit)
637 http cache isexe@https://registry.npmmirror.com/isexe/-/isexe-2.0.0.tgz 0ms (cache hit)
638 http cache emoji-regex@https://registry.npmmirror.com/emoji-regex/-/emoji-regex-8.0.0.tgz 0ms (cache hit)
639 http cache strip-ansi@https://registry.npmmirror.com/strip-ansi/-/strip-ansi-6.0.1.tgz 0ms (cache hit)
640 http cache dunder-proto@https://registry.npmmirror.com/dunder-proto/-/dunder-proto-1.0.1.tgz 0ms (cache hit)
641 http cache media-typer@https://registry.npmmirror.com/media-typer/-/media-typer-1.1.0.tgz 0ms (cache hit)
642 http cache math-intrinsics@https://registry.npmmirror.com/math-intrinsics/-/math-intrinsics-1.1.0.tgz 0ms (cache hit)
643 http cache gopd@https://registry.npmmirror.com/gopd/-/gopd-1.2.0.tgz 0ms (cache hit)
644 http cache has-symbols@https://registry.npmmirror.com/has-symbols/-/has-symbols-1.1.0.tgz 0ms (cache hit)
645 http cache get-proto@https://registry.npmmirror.com/get-proto/-/get-proto-1.0.1.tgz 0ms (cache hit)
646 http cache hasown@https://registry.npmmirror.com/hasown/-/hasown-2.0.4.tgz 0ms (cache hit)
647 http cache call-bind-apply-helpers@https://registry.npmmirror.com/call-bind-apply-helpers/-/call-bind-apply-helpers-1.0.2.tgz 0ms (cache hit)
648 http cache get-intrinsic@https://registry.npmmirror.com/get-intrinsic/-/get-intrinsic-1.3.0.tgz 0ms (cache hit)
649 http cache function-bind@https://registry.npmmirror.com/function-bind/-/function-bind-1.1.2.tgz 0ms (cache hit)
650 http cache call-bound@https://registry.npmmirror.com/call-bound/-/call-bound-1.0.4.tgz 0ms (cache hit)
651 http cache side-channel-map@https://registry.npmmirror.com/side-channel-map/-/side-channel-map-1.0.1.tgz 0ms (cache hit)
652 http cache side-channel-list@https://registry.npmmirror.com/side-channel-list/-/side-channel-list-1.0.1.tgz 0ms (cache hit)
653 http cache es-object-atoms@https://registry.npmmirror.com/es-object-atoms/-/es-object-atoms-1.1.2.tgz 0ms (cache hit)
654 http cache side-channel-weakmap@https://registry.npmmirror.com/side-channel-weakmap/-/side-channel-weakmap-1.0.2.tgz 0ms (cache hit)
655 http cache shebang-regex@https://registry.npmmirror.com/shebang-regex/-/shebang-regex-3.0.0.tgz 0ms (cache hit)
656 http cache path-to-regexp@https://registry.npmmirror.com/path-to-regexp/-/path-to-regexp-8.4.2.tgz 0ms (cache hit)
657 http cache object-inspect@https://registry.npmmirror.com/object-inspect/-/object-inspect-1.13.4.tgz 0ms (cache hit)
658 http cache is-promise@https://registry.npmmirror.com/is-promise/-/is-promise-4.0.0.tgz 0ms (cache hit)
659 http cache side-channel@https://registry.npmmirror.com/side-channel/-/side-channel-1.1.1.tgz 0ms (cache hit)
660 http cache es-define-property@https://registry.npmmirror.com/es-define-property/-/es-define-property-1.0.1.tgz 0ms (cache hit)
661 http cache ipaddr.js@https://registry.npmmirror.com/ipaddr.js/-/ipaddr.js-1.9.1.tgz 0ms (cache hit)
662 http cache ee-first@https://registry.npmmirror.com/ee-first/-/ee-first-1.1.1.tgz 0ms (cache hit)
663 http cache unpipe@https://registry.npmmirror.com/unpipe/-/unpipe-1.0.0.tgz 0ms (cache hit)
664 http cache forwarded@https://registry.npmmirror.com/forwarded/-/forwarded-0.2.0.tgz 0ms (cache hit)
665 http cache es-errors@https://registry.npmmirror.com/es-errors/-/es-errors-1.3.0.tgz 0ms (cache hit)
666 http cache wrappy@https://registry.npmmirror.com/wrappy/-/wrappy-1.0.2.tgz 0ms (cache hit)
667 http cache toidentifier@https://registry.npmmirror.com/toidentifier/-/toidentifier-1.0.1.tgz 0ms (cache hit)
668 http cache mime-db@https://registry.npmmirror.com/mime-db/-/mime-db-1.54.0.tgz 0ms (cache hit)
669 http cache inherits@https://registry.npmmirror.com/inherits/-/inherits-2.0.4.tgz 0ms (cache hit)
670 http cache safer-buffer@https://registry.npmmirror.com/safer-buffer/-/safer-buffer-2.1.2.tgz 0ms (cache hit)
671 http cache setprototypeof@https://registry.npmmirror.com/setprototypeof/-/setprototypeof-1.2.0.tgz 0ms (cache hit)
672 http cache iconv-lite@https://registry.npmmirror.com/iconv-lite/-/iconv-lite-0.7.3.tgz 0ms (cache hit)
673 http cache ip-address@https://registry.npmmirror.com/ip-address/-/ip-address-10.2.0.tgz 0ms (cache hit)
674 http cache bytes@https://registry.npmmirror.com/bytes/-/bytes-3.1.2.tgz 0ms (cache hit)
675 http cache ms@https://registry.npmmirror.com/ms/-/ms-2.1.3.tgz 0ms (cache hit)
676 http cache negotiator@https://registry.npmmirror.com/negotiator/-/negotiator-1.0.0.tgz 0ms (cache hit)
677 http cache type-is@https://registry.npmmirror.com/type-is/-/type-is-2.1.0.tgz 0ms (cache hit)
678 http cache statuses@https://registry.npmmirror.com/statuses/-/statuses-2.0.2.tgz 0ms (cache hit)
679 http cache range-parser@https://registry.npmmirror.com/range-parser/-/range-parser-1.3.0.tgz 0ms (cache hit)
680 http cache router@https://registry.npmmirror.com/router/-/router-2.2.0.tgz 0ms (cache hit)
681 http cache send@https://registry.npmmirror.com/send/-/send-1.2.1.tgz 0ms (cache hit)
682 http cache qs@https://registry.npmmirror.com/qs/-/qs-6.15.3.tgz 0ms (cache hit)
683 http cache once@https://registry.npmmirror.com/once/-/once-1.4.0.tgz 0ms (cache hit)
684 http cache merge-descriptors@https://registry.npmmirror.com/merge-descriptors/-/merge-descriptors-2.0.0.tgz 0ms (cache hit)
685 http cache serve-static@https://registry.npmmirror.com/serve-static/-/serve-static-2.2.1.tgz 0ms (cache hit)
686 http cache on-finished@https://registry.npmmirror.com/on-finished/-/on-finished-2.4.1.tgz 0ms (cache hit)
687 http cache parseurl@https://registry.npmmirror.com/parseurl/-/parseurl-1.3.3.tgz 0ms (cache hit)
688 http cache http-errors@https://registry.npmmirror.com/http-errors/-/http-errors-2.0.1.tgz 0ms (cache hit)
689 http cache fresh@https://registry.npmmirror.com/fresh/-/fresh-2.0.0.tgz 0ms (cache hit)
690 http cache proxy-addr@https://registry.npmmirror.com/proxy-addr/-/proxy-addr-2.0.7.tgz 0ms (cache hit)
691 http cache mime-types@https://registry.npmmirror.com/mime-types/-/mime-types-3.0.2.tgz 0ms (cache hit)
692 http cache finalhandler@https://registry.npmmirror.com/finalhandler/-/finalhandler-2.1.1.tgz 0ms (cache hit)
693 http cache debug@https://registry.npmmirror.com/debug/-/debug-4.4.3.tgz 0ms (cache hit)
694 http cache etag@https://registry.npmmirror.com/etag/-/etag-1.8.1.tgz 0ms (cache hit)
695 http cache depd@https://registry.npmmirror.com/depd/-/depd-2.0.0.tgz 0ms (cache hit)
696 http cache cookie-signature@https://registry.npmmirror.com/cookie-signature/-/cookie-signature-1.2.2.tgz 0ms (cache hit)
697 http cache cookie@https://registry.npmmirror.com/cookie/-/cookie-0.7.2.tgz 0ms (cache hit)
698 http cache encodeurl@https://registry.npmmirror.com/encodeurl/-/encodeurl-2.0.0.tgz 0ms (cache hit)
699 http cache body-parser@https://registry.npmmirror.com/body-parser/-/body-parser-2.3.0.tgz 0ms (cache hit)
700 http cache escape-html@https://registry.npmmirror.com/escape-html/-/escape-html-1.0.3.tgz 0ms (cache hit)
701 http cache shebang-command@https://registry.npmmirror.com/shebang-command/-/shebang-command-2.0.0.tgz 0ms (cache hit)
702 http cache which@https://registry.npmmirror.com/which/-/which-2.0.2.tgz 0ms (cache hit)
703 http cache content-disposition@https://registry.npmmirror.com/content-disposition/-/content-disposition-1.1.0.tgz 0ms (cache hit)
704 http cache object-assign@https://registry.npmmirror.com/object-assign/-/object-assign-4.1.1.tgz 0ms (cache hit)
705 http cache json-schema-traverse@https://registry.npmmirror.com/json-schema-traverse/-/json-schema-traverse-1.0.0.tgz 0ms (cache hit)
706 http cache path-key@https://registry.npmmirror.com/path-key/-/path-key-3.1.1.tgz 0ms (cache hit)
707 http cache fast-uri@https://registry.npmmirror.com/fast-uri/-/fast-uri-3.1.3.tgz 0ms (cache hit)
708 http cache vary@https://registry.npmmirror.com/vary/-/vary-1.1.2.tgz 0ms (cache hit)
709 http cache zod-to-json-schema@https://registry.npmmirror.com/zod-to-json-schema/-/zod-to-json-schema-3.25.2.tgz 0ms (cache hit)
710 http cache accepts@https://registry.npmmirror.com/accepts/-/accepts-2.0.0.tgz 0ms (cache hit)
711 http cache zod@https://registry.npmmirror.com/zod/-/zod-4.4.3.tgz 0ms (cache hit)
712 http cache raw-body@https://registry.npmmirror.com/raw-body/-/raw-body-3.0.2.tgz 0ms (cache hit)
713 http cache fast-deep-equal@https://registry.npmmirror.com/fast-deep-equal/-/fast-deep-equal-3.1.3.tgz 0ms (cache hit)
714 http cache jose@https://registry.npmmirror.com/jose/-/jose-6.2.3.tgz 0ms (cache hit)
715 http cache eventsource@https://registry.npmmirror.com/eventsource/-/eventsource-3.0.7.tgz 0ms (cache hit)
716 http cache pkce-challenge@https://registry.npmmirror.com/pkce-challenge/-/pkce-challenge-5.0.1.tgz 0ms (cache hit)
717 http cache eventsource-parser@https://registry.npmmirror.com/eventsource-parser/-/eventsource-parser-3.1.0.tgz 0ms (cache hit)
718 http cache cors@https://registry.npmmirror.com/cors/-/cors-2.8.6.tgz 0ms (cache hit)
719 http cache json-schema-typed@https://registry.npmmirror.com/json-schema-typed/-/json-schema-typed-8.0.2.tgz 0ms (cache hit)
720 http cache content-type@https://registry.npmmirror.com/content-type/-/content-type-1.0.5.tgz 0ms (cache hit)
721 http cache express-rate-limit@https://registry.npmmirror.com/express-rate-limit/-/express-rate-limit-8.5.2.tgz 0ms (cache hit)
722 http cache ajv@https://registry.npmmirror.com/ajv/-/ajv-8.20.0.tgz 0ms (cache hit)
723 http cache express@https://registry.npmmirror.com/express/-/express-5.2.1.tgz 0ms (cache hit)
724 http cache cross-spawn@https://registry.npmmirror.com/cross-spawn/-/cross-spawn-7.0.6.tgz 0ms (cache hit)
725 http cache hono@https://registry.npmmirror.com/hono/-/hono-4.12.30.tgz 0ms (cache hit)
726 http cache require-from-string@https://registry.npmmirror.com/require-from-string/-/require-from-string-2.0.2.tgz 0ms (cache hit)
727 http cache chalk@https://registry.npmmirror.com/chalk/-/chalk-5.6.2.tgz 0ms (cache hit)
728 http cache yargs@https://registry.npmmirror.com/yargs/-/yargs-17.7.3.tgz 0ms (cache hit)
729 http cache @modelcontextprotocol/server-sequential-thinking@https://registry.npmmirror.com/@modelcontextprotocol/server-sequential-thinking/-/server-sequential-thinking-2026.7.4.tgz 0ms (cache hit)
730 http cache ajv-formats@https://registry.npmmirror.com/ajv-formats/-/ajv-formats-3.0.1.tgz 0ms (cache hit)
731 http cache @hono/node-server@https://registry.npmmirror.com/@hono/node-server/-/node-server-1.19.14.tgz 0ms (cache hit)
732 silly tarball no local data for color-convert@https://registry.npmmirror.com/color-convert/-/color-convert-2.0.1.tgz. Extracting by manifest.
733 silly tarball no local data for ansi-regex@https://registry.npmmirror.com/ansi-regex/-/ansi-regex-5.0.1.tgz. Extracting by manifest.
734 http cache @modelcontextprotocol/sdk@https://registry.npmmirror.com/@modelcontextprotocol/sdk/-/sdk-1.29.0.tgz 0ms (cache hit)
735 silly tarball no local data for is-fullwidth-code-point@https://registry.npmmirror.com/is-fullwidth-code-point/-/is-fullwidth-code-point-3.0.0.tgz. Extracting by manifest.
736 silly tarball no local data for color-name@https://registry.npmmirror.com/color-name/-/color-name-1.1.4.tgz. Extracting by manifest.
737 silly tarball no local data for wrap-ansi@https://registry.npmmirror.com/wrap-ansi/-/wrap-ansi-7.0.0.tgz. Extracting by manifest.
738 silly tarball no local data for ansi-styles@https://registry.npmmirror.com/ansi-styles/-/ansi-styles-4.3.0.tgz. Extracting by manifest.
739 silly tarball no local data for yargs-parser@https://registry.npmmirror.com/yargs-parser/-/yargs-parser-21.1.1.tgz. Extracting by manifest.
740 silly tarball no local data for y18n@https://registry.npmmirror.com/y18n/-/y18n-5.0.8.tgz. Extracting by manifest.
741 silly tarball no local data for require-directory@https://registry.npmmirror.com/require-directory/-/require-directory-2.1.1.tgz. Extracting by manifest.
742 silly tarball no local data for string-width@https://registry.npmmirror.com/string-width/-/string-width-4.2.3.tgz. Extracting by manifest.
743 silly tarball no local data for get-caller-file@https://registry.npmmirror.com/get-caller-file/-/get-caller-file-2.0.5.tgz. Extracting by manifest.
744 http cache content-type@https://registry.npmmirror.com/content-type/-/content-type-2.0.0.tgz 0ms (cache hit)
745 silly tarball no local data for cliui@https://registry.npmmirror.com/cliui/-/cliui-8.0.1.tgz. Extracting by manifest.
746 silly tarball no local data for escalade@https://registry.npmmirror.com/escalade/-/escalade-3.2.0.tgz. Extracting by manifest.
747 silly tarball no local data for isexe@https://registry.npmmirror.com/isexe/-/isexe-2.0.0.tgz. Extracting by manifest.
748 silly tarball no local data for emoji-regex@https://registry.npmmirror.com/emoji-regex/-/emoji-regex-8.0.0.tgz. Extracting by manifest.
749 silly tarball no local data for strip-ansi@https://registry.npmmirror.com/strip-ansi/-/strip-ansi-6.0.1.tgz. Extracting by manifest.
750 silly tarball no local data for dunder-proto@https://registry.npmmirror.com/dunder-proto/-/dunder-proto-1.0.1.tgz. Extracting by manifest.
751 silly tarball no local data for media-typer@https://registry.npmmirror.com/media-typer/-/media-typer-1.1.0.tgz. Extracting by manifest.
752 silly tarball no local data for math-intrinsics@https://registry.npmmirror.com/math-intrinsics/-/math-intrinsics-1.1.0.tgz. Extracting by manifest.
753 silly tarball no local data for gopd@https://registry.npmmirror.com/gopd/-/gopd-1.2.0.tgz. Extracting by manifest.
754 silly tarball no local data for has-symbols@https://registry.npmmirror.com/has-symbols/-/has-symbols-1.1.0.tgz. Extracting by manifest.
755 silly tarball no local data for get-proto@https://registry.npmmirror.com/get-proto/-/get-proto-1.0.1.tgz. Extracting by manifest.
756 silly tarball no local data for hasown@https://registry.npmmirror.com/hasown/-/hasown-2.0.4.tgz. Extracting by manifest.
757 silly tarball no local data for call-bind-apply-helpers@https://registry.npmmirror.com/call-bind-apply-helpers/-/call-bind-apply-helpers-1.0.2.tgz. Extracting by manifest.
758 silly tarball no local data for get-intrinsic@https://registry.npmmirror.com/get-intrinsic/-/get-intrinsic-1.3.0.tgz. Extracting by manifest.
759 silly tarball no local data for function-bind@https://registry.npmmirror.com/function-bind/-/function-bind-1.1.2.tgz. Extracting by manifest.
760 silly tarball no local data for call-bound@https://registry.npmmirror.com/call-bound/-/call-bound-1.0.4.tgz. Extracting by manifest.
761 silly tarball no local data for side-channel-map@https://registry.npmmirror.com/side-channel-map/-/side-channel-map-1.0.1.tgz. Extracting by manifest.
762 silly tarball no local data for side-channel-list@https://registry.npmmirror.com/side-channel-list/-/side-channel-list-1.0.1.tgz. Extracting by manifest.
763 silly tarball no local data for es-object-atoms@https://registry.npmmirror.com/es-object-atoms/-/es-object-atoms-1.1.2.tgz. Extracting by manifest.
764 silly tarball no local data for side-channel-weakmap@https://registry.npmmirror.com/side-channel-weakmap/-/side-channel-weakmap-1.0.2.tgz. Extracting by manifest.
765 silly tarball no local data for shebang-regex@https://registry.npmmirror.com/shebang-regex/-/shebang-regex-3.0.0.tgz. Extracting by manifest.
766 silly tarball no local data for path-to-regexp@https://registry.npmmirror.com/path-to-regexp/-/path-to-regexp-8.4.2.tgz. Extracting by manifest.
767 silly tarball no local data for object-inspect@https://registry.npmmirror.com/object-inspect/-/object-inspect-1.13.4.tgz. Extracting by manifest.
768 silly tarball no local data for is-promise@https://registry.npmmirror.com/is-promise/-/is-promise-4.0.0.tgz. Extracting by manifest.
769 silly tarball no local data for side-channel@https://registry.npmmirror.com/side-channel/-/side-channel-1.1.1.tgz. Extracting by manifest.
770 silly tarball no local data for es-define-property@https://registry.npmmirror.com/es-define-property/-/es-define-property-1.0.1.tgz. Extracting by manifest.
771 silly tarball no local data for ipaddr.js@https://registry.npmmirror.com/ipaddr.js/-/ipaddr.js-1.9.1.tgz. Extracting by manifest.
772 silly tarball no local data for ee-first@https://registry.npmmirror.com/ee-first/-/ee-first-1.1.1.tgz. Extracting by manifest.
773 silly tarball no local data for unpipe@https://registry.npmmirror.com/unpipe/-/unpipe-1.0.0.tgz. Extracting by manifest.
774 silly tarball no local data for forwarded@https://registry.npmmirror.com/forwarded/-/forwarded-0.2.0.tgz. Extracting by manifest.
775 silly tarball no local data for es-errors@https://registry.npmmirror.com/es-errors/-/es-errors-1.3.0.tgz. Extracting by manifest.
776 silly tarball no local data for wrappy@https://registry.npmmirror.com/wrappy/-/wrappy-1.0.2.tgz. Extracting by manifest.
777 silly tarball no local data for toidentifier@https://registry.npmmirror.com/toidentifier/-/toidentifier-1.0.1.tgz. Extracting by manifest.
778 silly tarball no local data for mime-db@https://registry.npmmirror.com/mime-db/-/mime-db-1.54.0.tgz. Extracting by manifest.
779 silly tarball no local data for inherits@https://registry.npmmirror.com/inherits/-/inherits-2.0.4.tgz. Extracting by manifest.
780 silly tarball no local data for safer-buffer@https://registry.npmmirror.com/safer-buffer/-/safer-buffer-2.1.2.tgz. Extracting by manifest.
781 silly tarball no local data for setprototypeof@https://registry.npmmirror.com/setprototypeof/-/setprototypeof-1.2.0.tgz. Extracting by manifest.
782 silly tarball no local data for iconv-lite@https://registry.npmmirror.com/iconv-lite/-/iconv-lite-0.7.3.tgz. Extracting by manifest.
783 silly tarball no local data for ip-address@https://registry.npmmirror.com/ip-address/-/ip-address-10.2.0.tgz. Extracting by manifest.
784 silly tarball no local data for bytes@https://registry.npmmirror.com/bytes/-/bytes-3.1.2.tgz. Extracting by manifest.
785 silly tarball no local data for ms@https://registry.npmmirror.com/ms/-/ms-2.1.3.tgz. Extracting by manifest.
786 silly tarball no local data for negotiator@https://registry.npmmirror.com/negotiator/-/negotiator-1.0.0.tgz. Extracting by manifest.
787 silly tarball no local data for type-is@https://registry.npmmirror.com/type-is/-/type-is-2.1.0.tgz. Extracting by manifest.
788 silly tarball no local data for statuses@https://registry.npmmirror.com/statuses/-/statuses-2.0.2.tgz. Extracting by manifest.
789 silly tarball no local data for range-parser@https://registry.npmmirror.com/range-parser/-/range-parser-1.3.0.tgz. Extracting by manifest.
790 http cache content-type@https://registry.npmmirror.com/content-type/-/content-type-2.0.0.tgz 0ms (cache hit)
791 silly tarball no local data for router@https://registry.npmmirror.com/router/-/router-2.2.0.tgz. Extracting by manifest.
792 silly tarball no local data for send@https://registry.npmmirror.com/send/-/send-1.2.1.tgz. Extracting by manifest.
793 silly tarball no local data for qs@https://registry.npmmirror.com/qs/-/qs-6.15.3.tgz. Extracting by manifest.
794 silly tarball no local data for once@https://registry.npmmirror.com/once/-/once-1.4.0.tgz. Extracting by manifest.
795 silly tarball no local data for merge-descriptors@https://registry.npmmirror.com/merge-descriptors/-/merge-descriptors-2.0.0.tgz. Extracting by manifest.
796 silly tarball no local data for serve-static@https://registry.npmmirror.com/serve-static/-/serve-static-2.2.1.tgz. Extracting by manifest.
797 silly tarball no local data for on-finished@https://registry.npmmirror.com/on-finished/-/on-finished-2.4.1.tgz. Extracting by manifest.
798 silly tarball no local data for parseurl@https://registry.npmmirror.com/parseurl/-/parseurl-1.3.3.tgz. Extracting by manifest.
799 silly tarball no local data for http-errors@https://registry.npmmirror.com/http-errors/-/http-errors-2.0.1.tgz. Extracting by manifest.
800 silly tarball no local data for fresh@https://registry.npmmirror.com/fresh/-/fresh-2.0.0.tgz. Extracting by manifest.
801 silly tarball no local data for proxy-addr@https://registry.npmmirror.com/proxy-addr/-/proxy-addr-2.0.7.tgz. Extracting by manifest.
802 silly tarball no local data for mime-types@https://registry.npmmirror.com/mime-types/-/mime-types-3.0.2.tgz. Extracting by manifest.
803 silly tarball no local data for finalhandler@https://registry.npmmirror.com/finalhandler/-/finalhandler-2.1.1.tgz. Extracting by manifest.
804 silly tarball no local data for debug@https://registry.npmmirror.com/debug/-/debug-4.4.3.tgz. Extracting by manifest.
805 silly tarball no local data for etag@https://registry.npmmirror.com/etag/-/etag-1.8.1.tgz. Extracting by manifest.
806 silly tarball no local data for depd@https://registry.npmmirror.com/depd/-/depd-2.0.0.tgz. Extracting by manifest.
807 silly tarball no local data for cookie-signature@https://registry.npmmirror.com/cookie-signature/-/cookie-signature-1.2.2.tgz. Extracting by manifest.
808 silly tarball no local data for cookie@https://registry.npmmirror.com/cookie/-/cookie-0.7.2.tgz. Extracting by manifest.
809 silly tarball no local data for encodeurl@https://registry.npmmirror.com/encodeurl/-/encodeurl-2.0.0.tgz. Extracting by manifest.
810 silly tarball no local data for body-parser@https://registry.npmmirror.com/body-parser/-/body-parser-2.3.0.tgz. Extracting by manifest.
811 silly tarball no local data for escape-html@https://registry.npmmirror.com/escape-html/-/escape-html-1.0.3.tgz. Extracting by manifest.
812 silly tarball no local data for shebang-command@https://registry.npmmirror.com/shebang-command/-/shebang-command-2.0.0.tgz. Extracting by manifest.
813 silly tarball no local data for which@https://registry.npmmirror.com/which/-/which-2.0.2.tgz. Extracting by manifest.
814 silly tarball no local data for content-disposition@https://registry.npmmirror.com/content-disposition/-/content-disposition-1.1.0.tgz. Extracting by manifest.
815 silly tarball no local data for object-assign@https://registry.npmmirror.com/object-assign/-/object-assign-4.1.1.tgz. Extracting by manifest.
816 silly tarball no local data for json-schema-traverse@https://registry.npmmirror.com/json-schema-traverse/-/json-schema-traverse-1.0.0.tgz. Extracting by manifest.
817 silly tarball no local data for path-key@https://registry.npmmirror.com/path-key/-/path-key-3.1.1.tgz. Extracting by manifest.
818 silly tarball no local data for fast-uri@https://registry.npmmirror.com/fast-uri/-/fast-uri-3.1.3.tgz. Extracting by manifest.
819 silly tarball no local data for vary@https://registry.npmmirror.com/vary/-/vary-1.1.2.tgz. Extracting by manifest.
820 silly tarball no local data for zod-to-json-schema@https://registry.npmmirror.com/zod-to-json-schema/-/zod-to-json-schema-3.25.2.tgz. Extracting by manifest.
821 silly tarball no local data for accepts@https://registry.npmmirror.com/accepts/-/accepts-2.0.0.tgz. Extracting by manifest.
822 silly tarball no local data for zod@https://registry.npmmirror.com/zod/-/zod-4.4.3.tgz. Extracting by manifest.
823 silly tarball no local data for raw-body@https://registry.npmmirror.com/raw-body/-/raw-body-3.0.2.tgz. Extracting by manifest.
824 silly tarball no local data for fast-deep-equal@https://registry.npmmirror.com/fast-deep-equal/-/fast-deep-equal-3.1.3.tgz. Extracting by manifest.
825 silly tarball no local data for jose@https://registry.npmmirror.com/jose/-/jose-6.2.3.tgz. Extracting by manifest.
826 silly tarball no local data for eventsource@https://registry.npmmirror.com/eventsource/-/eventsource-3.0.7.tgz. Extracting by manifest.
827 silly tarball no local data for pkce-challenge@https://registry.npmmirror.com/pkce-challenge/-/pkce-challenge-5.0.1.tgz. Extracting by manifest.
828 silly tarball no local data for eventsource-parser@https://registry.npmmirror.com/eventsource-parser/-/eventsource-parser-3.1.0.tgz. Extracting by manifest.
829 silly tarball no local data for cors@https://registry.npmmirror.com/cors/-/cors-2.8.6.tgz. Extracting by manifest.
830 silly tarball no local data for json-schema-typed@https://registry.npmmirror.com/json-schema-typed/-/json-schema-typed-8.0.2.tgz. Extracting by manifest.
831 silly tarball no local data for content-type@https://registry.npmmirror.com/content-type/-/content-type-1.0.5.tgz. Extracting by manifest.
832 silly tarball no local data for express-rate-limit@https://registry.npmmirror.com/express-rate-limit/-/express-rate-limit-8.5.2.tgz. Extracting by manifest.
833 silly tarball no local data for ajv@https://registry.npmmirror.com/ajv/-/ajv-8.20.0.tgz. Extracting by manifest.
834 silly tarball no local data for express@https://registry.npmmirror.com/express/-/express-5.2.1.tgz. Extracting by manifest.
835 silly tarball no local data for cross-spawn@https://registry.npmmirror.com/cross-spawn/-/cross-spawn-7.0.6.tgz. Extracting by manifest.
836 silly tarball no local data for hono@https://registry.npmmirror.com/hono/-/hono-4.12.30.tgz. Extracting by manifest.
837 silly tarball no local data for require-from-string@https://registry.npmmirror.com/require-from-string/-/require-from-string-2.0.2.tgz. Extracting by manifest.
838 silly tarball no local data for chalk@https://registry.npmmirror.com/chalk/-/chalk-5.6.2.tgz. Extracting by manifest.
839 silly tarball no local data for yargs@https://registry.npmmirror.com/yargs/-/yargs-17.7.3.tgz. Extracting by manifest.
840 silly tarball no local data for @modelcontextprotocol/server-sequential-thinking@https://registry.npmmirror.com/@modelcontextprotocol/server-sequential-thinking/-/server-sequential-thinking-2026.7.4.tgz. Extracting by manifest.
841 silly tarball no local data for ajv-formats@https://registry.npmmirror.com/ajv-formats/-/ajv-formats-3.0.1.tgz. Extracting by manifest.
842 silly tarball no local data for @hono/node-server@https://registry.npmmirror.com/@hono/node-server/-/node-server-1.19.14.tgz. Extracting by manifest.
843 silly tarball no local data for @modelcontextprotocol/sdk@https://registry.npmmirror.com/@modelcontextprotocol/sdk/-/sdk-1.29.0.tgz. Extracting by manifest.
844 silly tarball no local data for content-type@https://registry.npmmirror.com/content-type/-/content-type-2.0.0.tgz. Extracting by manifest.
845 silly tarball no local data for content-type@https://registry.npmmirror.com/content-type/-/content-type-2.0.0.tgz. Extracting by manifest.
846 http fetch POST 404 https://registry.npmmirror.com/-/npm/v1/security/advisories/bulk 45ms
847 verbose audit error HttpErrorGeneral: 404 Not Found - POST https://registry.npmmirror.com/-/npm/v1/security/advisories/bulk - [NOT_IMPLEMENTED] /-/npm/v1/security/* not implemented yet
847 verbose audit error     at /usr/local/lib/node_modules/npm/node_modules/npm-registry-fetch/lib/check-response.js:103:15
847 verbose audit error     at process.processTicksAndRejections (node:internal/process/task_queues:104:5)
847 verbose audit error     at async #getReport (/usr/local/lib/node_modules/npm/node_modules/@npmcli/arborist/lib/audit-report.js:275:19)
847 verbose audit error     at async AuditReport.run (/usr/local/lib/node_modules/npm/node_modules/@npmcli/arborist/lib/audit-report.js:100:19) {
847 verbose audit error   headers: [Object: null prototype] {
847 verbose audit error     server: [ 'Tengine' ],
847 verbose audit error     date: [ 'Mon, 13 Jul 2026 09:13:23 GMT' ],
847 verbose audit error     'content-type': [ 'application/json' ],
847 verbose audit error     'transfer-encoding': [ 'chunked' ],
847 verbose audit error     connection: [ 'keep-alive' ],
847 verbose audit error     'strict-transport-security': [ 'max-age=5184000' ],
847 verbose audit error     via: [ 'kunlun8.cn9171[,404666]' ],
847 verbose audit error     'timing-allow-origin': [ '*' ],
847 verbose audit error     eagleid: [ '2aca9e1c17839340038513442e' ],
847 verbose audit error     'x-fetch-attempts': [ '1' ]
847 verbose audit error   },
847 verbose audit error   statusCode: 404,
847 verbose audit error   code: 'E404',
847 verbose audit error   method: 'POST',
847 verbose audit error   uri: 'https://registry.npmmirror.com/-/npm/v1/security/advisories/bulk',
847 verbose audit error   body: {
847 verbose audit error     error: '[NOT_IMPLEMENTED] /-/npm/v1/security/* not implemented yet'
847 verbose audit error   },
847 verbose audit error   pkgid: undefined
847 verbose audit error }
848 silly audit error [object Object]
849 silly audit report null
850 http fetch GET 200 https://cdn.npmmirror.com/packages/color-name/1.1.4/color-name-1.1.4.tgz 297ms (cache miss)
851 http fetch GET 200 https://cdn.npmmirror.com/packages/wrap-ansi/7.0.0/wrap-ansi-7.0.0.tgz 299ms (cache miss)
852 http fetch GET 200 https://cdn.npmmirror.com/packages/ansi-regex/5.0.1/ansi-regex-5.0.1.tgz 310ms (cache miss)
853 http fetch GET 200 https://cdn.npmmirror.com/packages/is-fullwidth-code-point/3.0.0/is-fullwidth-code-point-3.0.0.tgz 311ms (cache miss)
854 http fetch GET 200 https://cdn.npmmirror.com/packages/ansi-styles/4.3.0/ansi-styles-4.3.0.tgz 316ms (cache miss)
855 http fetch GET 200 https://cdn.npmmirror.com/packages/color-convert/2.0.1/color-convert-2.0.1.tgz 320ms (cache miss)
856 http fetch GET 200 https://cdn.npmmirror.com/packages/emoji-regex/8.0.0/emoji-regex-8.0.0.tgz 336ms (cache miss)
857 http fetch GET 200 https://cdn.npmmirror.com/packages/gopd/1.2.0/gopd-1.2.0.tgz 336ms (cache miss)
858 http fetch GET 200 https://cdn.npmmirror.com/packages/y18n/5.0.8/y18n-5.0.8.tgz 338ms (cache miss)
859 http fetch GET 200 https://cdn.npmmirror.com/packages/media-typer/1.1.0/media-typer-1.1.0.tgz 339ms (cache miss)
860 http fetch GET 200 https://cdn.npmmirror.com/packages/require-directory/2.1.1/require-directory-2.1.1.tgz 357ms (cache miss)
861 http fetch GET 200 https://cdn.npmmirror.com/packages/cliui/8.0.1/cliui-8.0.1.tgz 366ms (cache miss)
862 http fetch GET 200 https://cdn.npmmirror.com/packages/isexe/2.0.0/isexe-2.0.0.tgz 365ms (cache miss)
863 http fetch GET 200 https://cdn.npmmirror.com/packages/get-caller-file/2.0.5/get-caller-file-2.0.5.tgz 367ms (cache miss)
864 http fetch GET 200 https://cdn.npmmirror.com/packages/string-width/4.2.3/string-width-4.2.3.tgz 368ms (cache miss)
865 http fetch GET 200 https://cdn.npmmirror.com/packages/dunder-proto/1.0.1/dunder-proto-1.0.1.tgz 379ms (cache miss)
866 http fetch GET 200 https://cdn.npmmirror.com/packages/call-bind-apply-helpers/1.0.2/call-bind-apply-helpers-1.0.2.tgz 385ms (cache miss)
867 http fetch GET 200 https://cdn.npmmirror.com/packages/strip-ansi/6.0.1/strip-ansi-6.0.1.tgz 393ms (cache miss)
868 http fetch GET 200 https://cdn.npmmirror.com/packages/hasown/2.0.4/hasown-2.0.4.tgz 395ms (cache miss)
869 http fetch GET 200 https://cdn.npmmirror.com/packages/get-proto/1.0.1/get-proto-1.0.1.tgz 396ms (cache miss)
870 http fetch GET 200 https://cdn.npmmirror.com/packages/math-intrinsics/1.1.0/math-intrinsics-1.1.0.tgz 399ms (cache miss)
871 http fetch GET 200 https://cdn.npmmirror.com/packages/get-intrinsic/1.3.0/get-intrinsic-1.3.0.tgz 407ms (cache miss)
872 http fetch GET 200 https://cdn.npmmirror.com/packages/function-bind/1.1.2/function-bind-1.1.2.tgz 408ms (cache miss)
873 http fetch GET 200 https://cdn.npmmirror.com/packages/side-channel-map/1.0.1/side-channel-map-1.0.1.tgz 408ms (cache miss)
874 http fetch GET 200 https://cdn.npmmirror.com/packages/side-channel-weakmap/1.0.2/side-channel-weakmap-1.0.2.tgz 408ms (cache miss)
875 http fetch GET 200 https://cdn.npmmirror.com/packages/call-bound/1.0.4/call-bound-1.0.4.tgz 413ms (cache miss)
876 http fetch GET 200 https://cdn.npmmirror.com/packages/has-symbols/1.1.0/has-symbols-1.1.0.tgz 415ms (cache miss)
877 http fetch GET 200 https://cdn.npmmirror.com/packages/shebang-regex/3.0.0/shebang-regex-3.0.0.tgz 415ms (cache miss)
878 http fetch GET 200 https://cdn.npmmirror.com/packages/es-object-atoms/1.1.2/es-object-atoms-1.1.2.tgz 419ms (cache miss)
879 http fetch GET 200 https://cdn.npmmirror.com/packages/escalade/3.2.0/escalade-3.2.0.tgz 439ms (cache miss)
880 http fetch GET 200 https://cdn.npmmirror.com/packages/yargs-parser/21.1.1/yargs-parser-21.1.1.tgz 441ms (cache miss)
881 http fetch GET 200 https://cdn.npmmirror.com/packages/path-to-regexp/8.4.2/path-to-regexp-8.4.2.tgz 440ms (cache miss)
882 http fetch GET 200 https://cdn.npmmirror.com/packages/is-promise/4.0.0/is-promise-4.0.0.tgz 469ms (cache miss)
883 http fetch GET 200 https://cdn.npmmirror.com/packages/es-define-property/1.0.1/es-define-property-1.0.1.tgz 471ms (cache miss)
884 http fetch GET 200 https://cdn.npmmirror.com/packages/side-channel-list/1.0.1/side-channel-list-1.0.1.tgz 481ms (cache miss)
885 http fetch GET 200 https://cdn.npmmirror.com/packages/side-channel/1.1.1/side-channel-1.1.1.tgz 486ms (cache miss)
886 http fetch GET 200 https://cdn.npmmirror.com/packages/ipaddr.js/1.9.1/ipaddr.js-1.9.1.tgz 498ms (cache miss)
887 http fetch GET 200 https://cdn.npmmirror.com/packages/ee-first/1.1.1/ee-first-1.1.1.tgz 511ms (cache miss)
888 http fetch GET 200 https://cdn.npmmirror.com/packages/forwarded/0.2.0/forwarded-0.2.0.tgz 512ms (cache miss)
889 http fetch GET 200 https://cdn.npmmirror.com/packages/unpipe/1.0.0/unpipe-1.0.0.tgz 517ms (cache miss)
890 http fetch GET 200 https://cdn.npmmirror.com/packages/wrappy/1.0.2/wrappy-1.0.2.tgz 517ms (cache miss)
891 http fetch GET 200 https://cdn.npmmirror.com/packages/object-inspect/1.13.4/object-inspect-1.13.4.tgz 526ms (cache miss)
892 http fetch GET 200 https://cdn.npmmirror.com/packages/es-errors/1.3.0/es-errors-1.3.0.tgz 526ms (cache miss)
893 http fetch GET 200 https://cdn.npmmirror.com/packages/toidentifier/1.0.1/toidentifier-1.0.1.tgz 529ms (cache miss)
894 http fetch GET 200 https://cdn.npmmirror.com/packages/inherits/2.0.4/inherits-2.0.4.tgz 530ms (cache miss)
895 http fetch GET 200 https://cdn.npmmirror.com/packages/safer-buffer/2.1.2/safer-buffer-2.1.2.tgz 545ms (cache miss)
896 http fetch GET 200 https://cdn.npmmirror.com/packages/bytes/3.1.2/bytes-3.1.2.tgz 582ms (cache miss)
897 http fetch GET 200 https://cdn.npmmirror.com/packages/setprototypeof/1.2.0/setprototypeof-1.2.0.tgz 586ms (cache miss)
898 http fetch GET 200 https://cdn.npmmirror.com/packages/ms/2.1.3/ms-2.1.3.tgz 590ms (cache miss)
899 http fetch GET 200 https://cdn.npmmirror.com/packages/negotiator/1.0.0/negotiator-1.0.0.tgz 598ms (cache miss)
900 http fetch GET 200 https://cdn.npmmirror.com/packages/statuses/2.0.2/statuses-2.0.2.tgz 613ms (cache miss)
901 http fetch GET 200 https://cdn.npmmirror.com/packages/type-is/2.1.0/type-is-2.1.0.tgz 618ms (cache miss)
902 http fetch GET 200 https://cdn.npmmirror.com/packages/range-parser/1.3.0/range-parser-1.3.0.tgz 629ms (cache miss)
903 http fetch GET 200 https://cdn.npmmirror.com/packages/once/1.4.0/once-1.4.0.tgz 636ms (cache miss)
904 http fetch GET 200 https://cdn.npmmirror.com/packages/router/2.2.0/router-2.2.0.tgz 637ms (cache miss)
905 http fetch GET 200 https://cdn.npmmirror.com/packages/send/1.2.1/send-1.2.1.tgz 644ms (cache miss)
906 http fetch GET 200 https://cdn.npmmirror.com/packages/mime-db/1.54.0/mime-db-1.54.0.tgz 661ms (cache miss)
907 http fetch GET 200 https://cdn.npmmirror.com/packages/ip-address/10.2.0/ip-address-10.2.0.tgz 662ms (cache miss)
908 http fetch GET 200 https://cdn.npmmirror.com/packages/merge-descriptors/2.0.0/merge-descriptors-2.0.0.tgz 663ms (cache miss)
909 http fetch GET 200 https://cdn.npmmirror.com/packages/iconv-lite/0.7.3/iconv-lite-0.7.3.tgz 705ms (cache miss)
910 http fetch GET 200 https://cdn.npmmirror.com/packages/parseurl/1.3.3/parseurl-1.3.3.tgz 705ms (cache miss)
911 http fetch GET 200 https://cdn.npmmirror.com/packages/on-finished/2.4.1/on-finished-2.4.1.tgz 705ms (cache miss)
912 http fetch GET 200 https://cdn.npmmirror.com/packages/http-errors/2.0.1/http-errors-2.0.1.tgz 708ms (cache miss)
913 http fetch GET 200 https://cdn.npmmirror.com/packages/serve-static/2.2.1/serve-static-2.2.1.tgz 716ms (cache miss)
914 http fetch GET 200 https://cdn.npmmirror.com/packages/mime-types/3.0.2/mime-types-3.0.2.tgz 723ms (cache miss)
915 http fetch GET 200 https://cdn.npmmirror.com/packages/finalhandler/2.1.1/finalhandler-2.1.1.tgz 728ms (cache miss)
916 http fetch GET 200 https://cdn.npmmirror.com/packages/proxy-addr/2.0.7/proxy-addr-2.0.7.tgz 729ms (cache miss)
917 http fetch GET 200 https://cdn.npmmirror.com/packages/debug/4.4.3/debug-4.4.3.tgz 730ms (cache miss)
918 http fetch GET 200 https://cdn.npmmirror.com/packages/cookie/0.7.2/cookie-0.7.2.tgz 747ms (cache miss)
919 http fetch GET 200 https://cdn.npmmirror.com/packages/qs/6.15.3/qs-6.15.3.tgz 749ms (cache miss)
920 http fetch GET 200 https://cdn.npmmirror.com/packages/cookie-signature/1.2.2/cookie-signature-1.2.2.tgz 750ms (cache miss)
921 http fetch GET 200 https://cdn.npmmirror.com/packages/fresh/2.0.0/fresh-2.0.0.tgz 751ms (cache miss)
922 http fetch GET 200 https://cdn.npmmirror.com/packages/etag/1.8.1/etag-1.8.1.tgz 752ms (cache miss)
923 http fetch GET 200 https://cdn.npmmirror.com/packages/depd/2.0.0/depd-2.0.0.tgz 752ms (cache miss)
924 http fetch GET 200 https://cdn.npmmirror.com/packages/encodeurl/2.0.0/encodeurl-2.0.0.tgz 770ms (cache miss)
925 http fetch GET 200 https://cdn.npmmirror.com/packages/body-parser/2.3.0/body-parser-2.3.0.tgz 783ms (cache miss)
926 http fetch GET 200 https://cdn.npmmirror.com/packages/escape-html/1.0.3/escape-html-1.0.3.tgz 807ms (cache miss)
927 http fetch GET 200 https://cdn.npmmirror.com/packages/shebang-command/2.0.0/shebang-command-2.0.0.tgz 819ms (cache miss)
928 http fetch GET 200 https://cdn.npmmirror.com/packages/path-key/3.1.1/path-key-3.1.1.tgz 820ms (cache miss)
929 http fetch GET 200 https://cdn.npmmirror.com/packages/object-assign/4.1.1/object-assign-4.1.1.tgz 820ms (cache miss)
930 http fetch GET 200 https://cdn.npmmirror.com/packages/which/2.0.2/which-2.0.2.tgz 820ms (cache miss)
931 http fetch GET 200 https://cdn.npmmirror.com/packages/json-schema-traverse/1.0.0/json-schema-traverse-1.0.0.tgz 826ms (cache miss)
932 http fetch GET 200 https://cdn.npmmirror.com/packages/content-disposition/1.1.0/content-disposition-1.1.0.tgz 828ms (cache miss)
933 http fetch GET 200 https://cdn.npmmirror.com/packages/fast-uri/3.1.3/fast-uri-3.1.3.tgz 839ms (cache miss)
934 http fetch GET 200 https://cdn.npmmirror.com/packages/vary/1.1.2/vary-1.1.2.tgz 852ms (cache miss)
935 http fetch GET 200 https://cdn.npmmirror.com/packages/raw-body/3.0.2/raw-body-3.0.2.tgz 858ms (cache miss)
936 http fetch GET 200 https://cdn.npmmirror.com/packages/accepts/2.0.0/accepts-2.0.0.tgz 868ms (cache miss)
937 http fetch GET 200 https://cdn.npmmirror.com/packages/fast-deep-equal/3.1.3/fast-deep-equal-3.1.3.tgz 885ms (cache miss)
938 http fetch GET 200 https://cdn.npmmirror.com/packages/zod-to-json-schema/3.25.2/zod-to-json-schema-3.25.2.tgz 902ms (cache miss)
939 http fetch GET 200 https://cdn.npmmirror.com/packages/cors/2.8.6/cors-2.8.6.tgz 928ms (cache miss)
940 http fetch GET 200 https://cdn.npmmirror.com/packages/pkce-challenge/5.0.1/pkce-challenge-5.0.1.tgz 934ms (cache miss)
941 http fetch GET 200 https://cdn.npmmirror.com/packages/content-type/1.0.5/content-type-1.0.5.tgz 935ms (cache miss)
942 http fetch GET 200 https://cdn.npmmirror.com/packages/jose/6.2.3/jose-6.2.3.tgz 944ms (cache miss)
943 http fetch GET 200 https://cdn.npmmirror.com/packages/eventsource-parser/3.1.0/eventsource-parser-3.1.0.tgz 970ms (cache miss)
944 http fetch GET 200 https://cdn.npmmirror.com/packages/eventsource/3.0.7/eventsource-3.0.7.tgz 972ms (cache miss)
945 http fetch GET 200 https://cdn.npmmirror.com/packages/json-schema-typed/8.0.2/json-schema-typed-8.0.2.tgz 978ms (cache miss)
946 http fetch GET 200 https://cdn.npmmirror.com/packages/require-from-string/2.0.2/require-from-string-2.0.2.tgz 980ms (cache miss)
947 http fetch GET 200 https://cdn.npmmirror.com/packages/express/5.2.1/express-5.2.1.tgz 982ms (cache miss)
948 http fetch GET 200 https://cdn.npmmirror.com/packages/cross-spawn/7.0.6/cross-spawn-7.0.6.tgz 983ms (cache miss)
949 http fetch GET 200 https://cdn.npmmirror.com/packages/express-rate-limit/8.5.2/express-rate-limit-8.5.2.tgz 1005ms (cache miss)
950 http fetch GET 200 https://cdn.npmmirror.com/packages/%40modelcontextprotocol/server-sequential-thinking/2026.7.4/server-sequential-thinking-2026.7.4.tgz 1008ms (cache miss)
951 http fetch GET 200 https://cdn.npmmirror.com/packages/chalk/5.6.2/chalk-5.6.2.tgz 1015ms (cache miss)
952 http fetch GET 200 https://cdn.npmmirror.com/packages/yargs/17.7.3/yargs-17.7.3.tgz 1019ms (cache miss)
953 http fetch GET 200 https://cdn.npmmirror.com/packages/ajv-formats/3.0.1/ajv-formats-3.0.1.tgz 1042ms (cache miss)
954 http fetch GET 200 https://cdn.npmmirror.com/packages/content-type/2.0.0/content-type-2.0.0.tgz 1037ms (cache miss)
955 http cache https://cdn.npmmirror.com/packages/content-type/2.0.0/content-type-2.0.0.tgz 1065ms (cache hit)
956 http fetch GET 200 https://cdn.npmmirror.com/packages/%40hono/node-server/1.19.14/node-server-1.19.14.tgz 1079ms (cache miss)
957 http fetch GET 200 https://cdn.npmmirror.com/packages/ajv/8.20.0/ajv-8.20.0.tgz 1099ms (cache miss)
958 http fetch GET 200 https://cdn.npmmirror.com/packages/hono/4.12.30/hono-4.12.30.tgz 1138ms (cache miss)
959 http fetch GET 200 https://cdn.npmmirror.com/packages/zod/4.4.3/zod-4.4.3.tgz 1144ms (cache miss)
960 http fetch GET 200 https://cdn.npmmirror.com/packages/%40modelcontextprotocol/sdk/1.29.0/sdk-1.29.0.tgz 1246ms (cache miss)
961 verbose cwd /Users/liyang129/data/liaogang
962 verbose os Darwin 25.3.0
963 verbose node v24.14.0
964 verbose npm  v11.9.0
965 notice
965 notice New minor version of npm available! 11.9.0 -> 11.18.0
965 notice Changelog: https://github.com/npm/cli/releases/tag/v11.18.0
965 notice To update run: npm install -g npm@11.18.0
965 notice  { force: true, Symbol(proc-log.meta): true }
966 verbose exit 0
967 info ok
